<?xml version="1.0" encoding="UTF-8"?>
<testng-results skipped="0" failed="0" total="6" passed="6">
  <reporter-output>
  </reporter-output>
  <suite name="Suite" duration-ms="40" started-at="2017-11-16T11:29:06Z" finished-at="2017-11-16T11:29:06Z">
    <groups>
    </groups>
    <test name="Test" duration-ms="40" started-at="2017-11-16T11:29:06Z" finished-at="2017-11-16T11:29:06Z">
      <class name="prueba.PruebaJenkins2">
        <test-method status="PASS" signature="test1()[pri:0, instance:prueba.PruebaJenkins2@71be98f5]" name="test1" duration-ms="14" started-at="2017-11-16T12:29:06Z" finished-at="2017-11-16T12:29:06Z">
          <reporter-output>
          </reporter-output>
        </test-method> <!-- test1 -->
        <test-method status="PASS" signature="test2()[pri:0, instance:prueba.PruebaJenkins2@71be98f5]" name="test2" duration-ms="1" started-at="2017-11-16T12:29:06Z" finished-at="2017-11-16T12:29:06Z">
          <reporter-output>
          </reporter-output>
        </test-method> <!-- test2 -->
        <test-method status="PASS" signature="test4()[pri:0, instance:prueba.PruebaJenkins2@71be98f5]" name="test4" duration-ms="1" started-at="2017-11-16T12:29:06Z" finished-at="2017-11-16T12:29:06Z">
          <reporter-output>
          </reporter-output>
        </test-method> <!-- test4 -->
        <test-method status="PASS" signature="test3()[pri:0, instance:prueba.PruebaJenkins2@71be98f5]" name="test3" duration-ms="0" started-at="2017-11-16T12:29:06Z" finished-at="2017-11-16T12:29:06Z">
          <reporter-output>
          </reporter-output>
        </test-method> <!-- test3 -->
        <test-method status="PASS" signature="test5()[pri:0, instance:prueba.PruebaJenkins2@71be98f5]" name="test5" duration-ms="0" started-at="2017-11-16T12:29:06Z" finished-at="2017-11-16T12:29:06Z">
          <reporter-output>
          </reporter-output>
        </test-method> <!-- test5 -->
        <test-method status="PASS" signature="test6()[pri:0, instance:prueba.PruebaJenkins2@71be98f5]" name="test6" duration-ms="0" started-at="2017-11-16T12:29:06Z" finished-at="2017-11-16T12:29:06Z">
          <reporter-output>
          </reporter-output>
        </test-method> <!-- test6 -->
      </class> <!-- prueba.PruebaJenkins2 -->
    </test> <!-- Test -->
  </suite> <!-- Suite -->
</testng-results>
