<?xml version="1.0"?>
<!DOCTYPE coverage SYSTEM "http://cobertura.sourceforge.net/xml/coverage-04.dtd">

<coverage line-rate="0.7080078125" branch-rate="0.6977611940298507" lines-covered="725" lines-valid="1024" branches-covered="187" branches-valid="268" complexity="1.7312252964426877" version="2.1.1" timestamp="1516352588668">
	<sources>
		<source>C:/Program Files (x86)/Jenkins/workspace/Proyect_Check/LifeCicle_IC_Pipeline/fuentes/NEG_CHECK/src/main/java</source>
		<source>--source</source>
	</sources>
	<packages>
		<package name="es.iam.check.analisisDespliegues.business.analizadores" line-rate="0.8301886792452831" branch-rate="0.9" complexity="1.2380952380952381">
			<classes>
				<class name="es.iam.check.analisisDespliegues.business.analizadores.AbstractAnalizador" filename="es/iam/check/analisisDespliegues/business/analizadores/AbstractAnalizador.java" line-rate="1.0" branch-rate="0.8333333333333334" complexity="1.4285714285714286">
					<methods>
						<method name="&lt;init&gt;" signature="(Les/iam/check/analisisDespliegues/business/ficheros/FicheroAnalizable;Ljava/util/Collection;)V" line-rate="1.0" branch-rate="1.0" complexity="0">
							<lines>
								<line number="24" hits="2730" branch="false"/>
								<line number="42" hits="2730" branch="false"/>
								<line number="43" hits="2730" branch="false"/>
								<line number="44" hits="2730" branch="false"/>
								<line number="45" hits="2730" branch="false"/>
							</lines>
						</method>
						<method name="getChequeos" signature="()Ljava/util/Collection;" line-rate="1.0" branch-rate="1.0" complexity="0">
							<lines>
								<line number="74" hits="5460" branch="false"/>
							</lines>
						</method>
						<method name="getFicheroAnalizable" signature="()Les/iam/check/analisisDespliegues/business/ficheros/FicheroAnalizable;" line-rate="1.0" branch-rate="1.0" complexity="0">
							<lines>
								<line number="66" hits="5460" branch="false"/>
							</lines>
						</method>
						<method name="getFiltro" signature="()Les/iam/check/analisisDespliegues/business/chequeos/model/TipoNombreChequeos;" line-rate="1.0" branch-rate="1.0" complexity="0">
							<lines>
								<line number="82" hits="70369" branch="false"/>
							</lines>
						</method>
						<method name="getInforme" signature="(Les/iam/check/analisisDespliegues/business/configuracion/Configuracion;Les/iam/check/analisisDespliegues/business/view/informes/Informe;)Les/iam/check/analisisDespliegues/business/view/informes/Informe;" line-rate="1.0" branch-rate="1.0" complexity="0">
							<lines>
								<line number="100" hits="2730" branch="false"/>
								<line number="101" hits="2730" branch="false"/>
								<line number="102" hits="2730" branch="false"/>
							</lines>
						</method>
						<method name="iniciarAnalisis" signature="()V" line-rate="1.0" branch-rate="0.8333333333333334" complexity="0">
							<lines>
								<line number="52" hits="1950" branch="false"/>
								<line number="53" hits="1950" branch="false"/>
								<line number="54" hits="1950" branch="true" condition-coverage="100% (2/2)">
									<conditions>
										<condition number="0" type="jump" coverage="100%"/>
									</conditions>
								</line>
								<line number="55" hits="36049" branch="true" condition-coverage="75% (3/4)">
									<conditions>
										<condition number="0" type="jump" coverage="100%"/>
										<condition number="1" type="jump" coverage="50%"/>
									</conditions>
								</line>
								<line number="56" hits="4459" branch="false"/>
								<line number="58" hits="36049" branch="false"/>
								<line number="59" hits="1950" branch="false"/>
							</lines>
						</method>
						<method name="setFiltro" signature="(Les/iam/check/analisisDespliegues/business/chequeos/model/TipoNombreChequeos;)V" line-rate="1.0" branch-rate="1.0" complexity="0">
							<lines>
								<line number="90" hits="2730" branch="false"/>
								<line number="91" hits="2730" branch="false"/>
							</lines>
						</method>
					</methods>
					<lines>
						<line number="24" hits="2730" branch="false"/>
						<line number="42" hits="2730" branch="false"/>
						<line number="43" hits="2730" branch="false"/>
						<line number="44" hits="2730" branch="false"/>
						<line number="45" hits="2730" branch="false"/>
						<line number="52" hits="1950" branch="false"/>
						<line number="53" hits="1950" branch="false"/>
						<line number="54" hits="1950" branch="true" condition-coverage="100% (2/2)">
							<conditions>
								<condition number="0" type="jump" coverage="100%"/>
							</conditions>
						</line>
						<line number="55" hits="36049" branch="true" condition-coverage="75% (3/4)">
							<conditions>
								<condition number="0" type="jump" coverage="100%"/>
								<condition number="1" type="jump" coverage="50%"/>
							</conditions>
						</line>
						<line number="56" hits="4459" branch="false"/>
						<line number="58" hits="36049" branch="false"/>
						<line number="59" hits="1950" branch="false"/>
						<line number="66" hits="5460" branch="false"/>
						<line number="74" hits="5460" branch="false"/>
						<line number="82" hits="70369" branch="false"/>
						<line number="90" hits="2730" branch="false"/>
						<line number="91" hits="2730" branch="false"/>
						<line number="100" hits="2730" branch="false"/>
						<line number="101" hits="2730" branch="false"/>
						<line number="102" hits="2730" branch="false"/>
					</lines>
				</class>
				<class name="es.iam.check.analisisDespliegues.business.analizadores.AnalizadorArtefacto" filename="es/iam/check/analisisDespliegues/business/analizadores/AnalizadorArtefacto.java" line-rate="0.5714285714285714" branch-rate="1.0" complexity="1.0">
					<methods>
						<method name="&lt;init&gt;" signature="(Les/iam/check/analisisDespliegues/business/ficheros/FicheroComprimidoAnalizable;Les/iam/check/analisisDespliegues/business/chequeos/model/TipoNombreChequeos;Ljava/util/Collection;)V" line-rate="0.0" branch-rate="1.0" complexity="0">
							<lines>
								<line number="34" hits="0" branch="false"/>
								<line number="35" hits="0" branch="false"/>
								<line number="36" hits="0" branch="false"/>
							</lines>
						</method>
						<method name="&lt;init&gt;" signature="(Les/iam/check/analisisDespliegues/business/ficheros/FicheroComprimidoAnalizable;Ljava/util/Collection;)V" line-rate="1.0" branch-rate="1.0" complexity="0">
							<lines>
								<line number="24" hits="1950" branch="false"/>
								<line number="25" hits="1950" branch="false"/>
							</lines>
						</method>
						<method name="generarInforme" signature="(Les/iam/check/analisisDespliegues/business/configuracion/Configuracion;)Les/iam/check/analisisDespliegues/business/view/informes/Informe;" line-rate="1.0" branch-rate="1.0" complexity="0">
							<lines>
								<line number="40" hits="1950" branch="false"/>
								<line number="41" hits="1950" branch="false"/>
							</lines>
						</method>
					</methods>
					<lines>
						<line number="24" hits="1950" branch="false"/>
						<line number="25" hits="1950" branch="false"/>
						<line number="34" hits="0" branch="false"/>
						<line number="35" hits="0" branch="false"/>
						<line number="36" hits="0" branch="false"/>
						<line number="40" hits="1950" branch="false"/>
						<line number="41" hits="1950" branch="false"/>
					</lines>
				</class>
				<class name="es.iam.check.analisisDespliegues.business.analizadores.AnalizadorEstaticos" filename="es/iam/check/analisisDespliegues/business/analizadores/AnalizadorEstaticos.java" line-rate="0.7692307692307693" branch-rate="1.0" complexity="1.25">
					<methods>
						<method name="&lt;init&gt;" signature="(Les/iam/check/analisisDespliegues/business/ficheros/FicheroComprimidoAnalizable;Les/iam/check/analisisDespliegues/business/chequeos/model/TipoNombreChequeos;Ljava/util/Collection;)V" line-rate="0.0" branch-rate="1.0" complexity="0">
							<lines>
								<line number="35" hits="0" branch="false"/>
								<line number="36" hits="0" branch="false"/>
								<line number="37" hits="0" branch="false"/>
							</lines>
						</method>
						<method name="&lt;init&gt;" signature="(Les/iam/check/analisisDespliegues/business/ficheros/FicheroComprimidoAnalizable;Ljava/util/Collection;)V" line-rate="1.0" branch-rate="1.0" complexity="0">
							<lines>
								<line number="25" hits="429" branch="false"/>
								<line number="26" hits="429" branch="false"/>
							</lines>
						</method>
						<method name="generarInforme" signature="(Les/iam/check/analisisDespliegues/business/configuracion/Configuracion;)Les/iam/check/analisisDespliegues/business/view/informes/Informe;" line-rate="1.0" branch-rate="1.0" complexity="0">
							<lines>
								<line number="50" hits="429" branch="false"/>
								<line number="51" hits="429" branch="false"/>
							</lines>
						</method>
						<method name="iniciarAnalisis" signature="()V" line-rate="1.0" branch-rate="1.0" complexity="0">
							<lines>
								<line number="41" hits="429" branch="false"/>
								<line number="42" hits="429" branch="false"/>
								<line number="43" hits="429" branch="true" condition-coverage="100% (2/2)">
									<conditions>
										<condition number="0" type="jump" coverage="100%"/>
									</conditions>
								</line>
								<line number="44" hits="858" branch="false"/>
								<line number="45" hits="858" branch="false"/>
								<line number="46" hits="429" branch="false"/>
							</lines>
						</method>
					</methods>
					<lines>
						<line number="25" hits="429" branch="false"/>
						<line number="26" hits="429" branch="false"/>
						<line number="35" hits="0" branch="false"/>
						<line number="36" hits="0" branch="false"/>
						<line number="37" hits="0" branch="false"/>
						<line number="41" hits="429" branch="false"/>
						<line number="42" hits="429" branch="false"/>
						<line number="43" hits="429" branch="true" condition-coverage="100% (2/2)">
							<conditions>
								<condition number="0" type="jump" coverage="100%"/>
							</conditions>
						</line>
						<line number="44" hits="858" branch="false"/>
						<line number="45" hits="858" branch="false"/>
						<line number="46" hits="429" branch="false"/>
						<line number="50" hits="429" branch="false"/>
						<line number="51" hits="429" branch="false"/>
					</lines>
				</class>
				<class name="es.iam.check.analisisDespliegues.business.analizadores.AnalizadorRecursos" filename="es/iam/check/analisisDespliegues/business/analizadores/AnalizadorRecursos.java" line-rate="0.7692307692307693" branch-rate="1.0" complexity="1.25">
					<methods>
						<method name="&lt;init&gt;" signature="(Les/iam/check/analisisDespliegues/business/ficheros/FicheroComprimidoAnalizable;Les/iam/check/analisisDespliegues/business/chequeos/model/TipoNombreChequeos;Ljava/util/Collection;)V" line-rate="0.0" branch-rate="1.0" complexity="0">
							<lines>
								<line number="36" hits="0" branch="false"/>
								<line number="37" hits="0" branch="false"/>
								<line number="38" hits="0" branch="false"/>
							</lines>
						</method>
						<method name="&lt;init&gt;" signature="(Les/iam/check/analisisDespliegues/business/ficheros/FicheroComprimidoAnalizable;Ljava/util/Collection;)V" line-rate="1.0" branch-rate="1.0" complexity="0">
							<lines>
								<line number="26" hits="351" branch="false"/>
								<line number="27" hits="351" branch="false"/>
							</lines>
						</method>
						<method name="generarInforme" signature="(Les/iam/check/analisisDespliegues/business/configuracion/Configuracion;)Les/iam/check/analisisDespliegues/business/view/informes/Informe;" line-rate="1.0" branch-rate="1.0" complexity="0">
							<lines>
								<line number="51" hits="351" branch="false"/>
								<line number="52" hits="351" branch="false"/>
							</lines>
						</method>
						<method name="iniciarAnalisis" signature="()V" line-rate="1.0" branch-rate="1.0" complexity="0">
							<lines>
								<line number="42" hits="351" branch="false"/>
								<line number="43" hits="351" branch="false"/>
								<line number="44" hits="351" branch="true" condition-coverage="100% (2/2)">
									<conditions>
										<condition number="0" type="jump" coverage="100%"/>
									</conditions>
								</line>
								<line number="45" hits="702" branch="false"/>
								<line number="46" hits="702" branch="false"/>
								<line number="47" hits="351" branch="false"/>
							</lines>
						</method>
					</methods>
					<lines>
						<line number="26" hits="351" branch="false"/>
						<line number="27" hits="351" branch="false"/>
						<line number="36" hits="0" branch="false"/>
						<line number="37" hits="0" branch="false"/>
						<line number="38" hits="0" branch="false"/>
						<line number="42" hits="351" branch="false"/>
						<line number="43" hits="351" branch="false"/>
						<line number="44" hits="351" branch="true" condition-coverage="100% (2/2)">
							<conditions>
								<condition number="0" type="jump" coverage="100%"/>
							</conditions>
						</line>
						<line number="45" hits="702" branch="false"/>
						<line number="46" hits="702" branch="false"/>
						<line number="47" hits="351" branch="false"/>
						<line number="51" hits="351" branch="false"/>
						<line number="52" hits="351" branch="false"/>
					</lines>
				</class>
				<class name="es.iam.check.analisisDespliegues.business.analizadores.IAnalizador" filename="es/iam/check/analisisDespliegues/business/analizadores/IAnalizador.java" line-rate="1.0" branch-rate="1.0" complexity="1.0">
					<methods>
					</methods>
					<lines>
					</lines>
				</class>
			</classes>
		</package>
		<package name="es.iam.check.analisisDespliegues.business.analizadores.exception" line-rate="0.0" branch-rate="1.0" complexity="1.0">
			<classes>
				<class name="es.iam.check.analisisDespliegues.business.analizadores.exception.AnalisisIndeterminadoException" filename="es/iam/check/analisisDespliegues/business/analizadores/exception/AnalisisIndeterminadoException.java" line-rate="0.0" branch-rate="1.0" complexity="1.0">
					<methods>
						<method name="&lt;init&gt;" signature="(Ljava/lang/Exception;)V" line-rate="0.0" branch-rate="1.0" complexity="0">
							<lines>
								<line number="21" hits="0" branch="false"/>
								<line number="22" hits="0" branch="false"/>
							</lines>
						</method>
					</methods>
					<lines>
						<line number="21" hits="0" branch="false"/>
						<line number="22" hits="0" branch="false"/>
					</lines>
				</class>
			</classes>
		</package>
		<package name="es.iam.check.analisisDespliegues.business.chequeos" line-rate="0.8127208480565371" branch-rate="0.7717391304347826" complexity="2.036363636363636">
			<classes>
				<class name="es.iam.check.analisisDespliegues.business.chequeos.AbstractChequeo" filename="es/iam/check/analisisDespliegues/business/chequeos/AbstractChequeo.java" line-rate="0.7164179104477612" branch-rate="0.625" complexity="1.619047619047619">
					<methods>
						<method name="&lt;init&gt;" signature="(Ljava/lang/String;Ljava/lang/String;Ljava/lang/String;Ljava/lang/String;Ljava/lang/String;)V" line-rate="1.0" branch-rate="1.0" complexity="0">
							<lines>
								<line number="48" hits="61269" branch="false"/>
								<line number="54" hits="61269" branch="false"/>
								<line number="59" hits="61269" branch="false"/>
								<line number="70" hits="61269" branch="false"/>
								<line number="71" hits="61269" branch="false"/>
								<line number="72" hits="61269" branch="false"/>
								<line number="73" hits="61269" branch="false"/>
								<line number="74" hits="61269" branch="false"/>
								<line number="75" hits="61269" branch="false"/>
								<line number="76" hits="61269" branch="false"/>
							</lines>
						</method>
						<method name="agregarRegla" signature="(Les/iam/check/analisisDespliegues/business/chequeos/reglas/IRegla;)V" line-rate="1.0" branch-rate="1.0" complexity="0">
							<lines>
								<line number="81" hits="1068834" branch="false"/>
								<line number="82" hits="1068834" branch="false"/>
							</lines>
						</method>
						<method name="agregarReglaPrevia" signature="(Les/iam/check/analisisDespliegues/business/chequeos/reglas/IRegla;)V" line-rate="1.0" branch-rate="1.0" complexity="0">
							<lines>
								<line number="86" hits="9165" branch="false"/>
								<line number="87" hits="9165" branch="false"/>
							</lines>
						</method>
						<method name="chequea" signature="(Les/iam/check/analisisDespliegues/business/ficheros/Fichero;)V" line-rate="1.0" branch-rate="0.8333333333333334" complexity="0">
							<lines>
								<line number="120" hits="2106" branch="true" condition-coverage="50% (1/2)">
									<conditions>
										<condition number="0" type="jump" coverage="50%"/>
									</conditions>
								</line>
								<line number="121" hits="2106" branch="true" condition-coverage="100% (2/2)">
									<conditions>
										<condition number="0" type="jump" coverage="100%"/>
									</conditions>
								</line>
								<line number="122" hits="2106" branch="true" condition-coverage="100% (2/2)">
									<conditions>
										<condition number="0" type="jump" coverage="100%"/>
									</conditions>
								</line>
								<line number="123" hits="234" branch="false"/>
								<line number="125" hits="2106" branch="false"/>
								<line number="127" hits="2106" branch="false"/>
							</lines>
						</method>
						<method name="comprobarFicheros" signature="(Ljava/util/Collection;)V" line-rate="1.0" branch-rate="1.0" complexity="0">
							<lines>
								<line number="134" hits="6019" branch="true" condition-coverage="100% (2/2)">
									<conditions>
										<condition number="0" type="jump" coverage="100%"/>
									</conditions>
								</line>
								<line number="135" hits="51636" branch="false"/>
								<line number="136" hits="51636" branch="false"/>
								<line number="137" hits="6019" branch="false"/>
							</lines>
						</method>
						<method name="ejecutar" signature="(Ljava/util/Collection;)V" line-rate="1.0" branch-rate="1.0" complexity="0">
							<lines>
								<line number="91" hits="6019" branch="false"/>
								<line number="92" hits="6019" branch="false"/>
								<line number="93" hits="6019" branch="false"/>
							</lines>
						</method>
						<method name="existeNivelIncidenciaError" signature="()Z" line-rate="1.0" branch-rate="1.0" complexity="0">
							<lines>
								<line number="261" hits="2353" branch="false"/>
								<line number="262" hits="2353" branch="true" condition-coverage="100% (2/2)">
									<conditions>
										<condition number="0" type="jump" coverage="100%"/>
									</conditions>
								</line>
								<line number="263" hits="2457" branch="true" condition-coverage="100% (2/2)">
									<conditions>
										<condition number="0" type="jump" coverage="100%"/>
									</conditions>
								</line>
								<line number="264" hits="2431" branch="false"/>
								<line number="266" hits="2457" branch="false"/>
								<line number="267" hits="2353" branch="false"/>
							</lines>
						</method>
						<method name="getDescripcion" signature="()Ljava/lang/String;" line-rate="1.0" branch-rate="1.0" complexity="0">
							<lines>
								<line number="169" hits="6019" branch="false"/>
							</lines>
						</method>
						<method name="getIncidenciasChequeo" signature="()Ljava/util/Collection;" line-rate="1.0" branch-rate="1.0" complexity="0">
							<lines>
								<line number="214" hits="19201" branch="false"/>
							</lines>
						</method>
						<method name="getMensaje" signature="(Les/iam/check/analisisDespliegues/business/chequeos/Valoracion;)Ljava/lang/String;" line-rate="0.0" branch-rate="0.0" complexity="0">
							<lines>
								<line number="98" hits="0" branch="false"/>
								<line number="99" hits="0" branch="true" condition-coverage="0% (0/4)">
									<conditions>
										<condition number="0" type="switch" coverage="0%"/>
									</conditions>
								</line>
								<line number="101" hits="0" branch="false"/>
								<line number="102" hits="0" branch="false"/>
								<line number="104" hits="0" branch="false"/>
								<line number="105" hits="0" branch="false"/>
								<line number="107" hits="0" branch="false"/>
								<line number="108" hits="0" branch="false"/>
								<line number="112" hits="0" branch="false"/>
							</lines>
						</method>
						<method name="getMensajeAviso" signature="()Ljava/lang/String;" line-rate="0.0" branch-rate="1.0" complexity="0">
							<lines>
								<line number="193" hits="0" branch="false"/>
							</lines>
						</method>
						<method name="getMensajeCorrecto" signature="()Ljava/lang/String;" line-rate="0.0" branch-rate="1.0" complexity="0">
							<lines>
								<line number="185" hits="0" branch="false"/>
							</lines>
						</method>
						<method name="getMensajeIncorrecto" signature="()Ljava/lang/String;" line-rate="0.0" branch-rate="1.0" complexity="0">
							<lines>
								<line number="177" hits="0" branch="false"/>
							</lines>
						</method>
						<method name="getNombre" signature="()Ljava/lang/String;" line-rate="1.0" branch-rate="1.0" complexity="0">
							<lines>
								<line number="161" hits="79677" branch="false"/>
							</lines>
						</method>
						<method name="getReglas" signature="()Ljava/util/Collection;" line-rate="1.0" branch-rate="1.0" complexity="0">
							<lines>
								<line number="201" hits="51636" branch="false"/>
							</lines>
						</method>
						<method name="getValoracion" signature="()Les/iam/check/analisisDespliegues/business/chequeos/Valoracion;" line-rate="1.0" branch-rate="1.0" complexity="0">
							<lines>
								<line number="209" hits="6019" branch="false"/>
							</lines>
						</method>
						<method name="registraIncidenciaChequeo" signature="(Les/iam/check/analisisDespliegues/business/chequeos/incidencias/IncidenciaChequeo$NivelIncidencia;Ljava/lang/String;Ljava/lang/String;)V" line-rate="1.0" branch-rate="1.0" complexity="0">
							<lines>
								<line number="146" hits="2457" branch="false"/>
								<line number="147" hits="2457" branch="false"/>
							</lines>
						</method>
						<method name="seCumplenChequeosPrevios" signature="(Les/iam/check/analisisDespliegues/business/ficheros/Fichero;)Z" line-rate="0.42857142857142855" branch-rate="0.25" complexity="0">
							<lines>
								<line number="231" hits="2106" branch="false"/>
								<line number="232" hits="2106" branch="true" condition-coverage="50% (1/2)">
									<conditions>
										<condition number="0" type="jump" coverage="50%"/>
									</conditions>
								</line>
								<line number="233" hits="0" branch="true" condition-coverage="0% (0/2)">
									<conditions>
										<condition number="0" type="jump" coverage="0%"/>
									</conditions>
								</line>
								<line number="234" hits="0" branch="false"/>
								<line number="235" hits="0" branch="false"/>
								<line number="237" hits="0" branch="false"/>
								<line number="238" hits="2106" branch="false"/>
							</lines>
						</method>
						<method name="setIncidenciasChequeo" signature="(Ljava/util/Collection;)V" line-rate="0.0" branch-rate="1.0" complexity="0">
							<lines>
								<line number="222" hits="0" branch="false"/>
								<line number="223" hits="0" branch="false"/>
							</lines>
						</method>
						<method name="valorar" signature="()V" line-rate="0.8333333333333334" branch-rate="0.75" complexity="0">
							<lines>
								<line number="245" hits="6019" branch="true" condition-coverage="100% (2/2)">
									<conditions>
										<condition number="0" type="jump" coverage="100%"/>
									</conditions>
								</line>
								<line number="246" hits="3666" branch="false"/>
								<line number="248" hits="2353" branch="true" condition-coverage="50% (1/2)">
									<conditions>
										<condition number="0" type="jump" coverage="50%"/>
									</conditions>
								</line>
								<line number="249" hits="2353" branch="false"/>
								<line number="251" hits="0" branch="false"/>
								<line number="254" hits="6019" branch="false"/>
							</lines>
						</method>
					</methods>
					<lines>
						<line number="48" hits="61269" branch="false"/>
						<line number="54" hits="61269" branch="false"/>
						<line number="59" hits="61269" branch="false"/>
						<line number="70" hits="61269" branch="false"/>
						<line number="71" hits="61269" branch="false"/>
						<line number="72" hits="61269" branch="false"/>
						<line number="73" hits="61269" branch="false"/>
						<line number="74" hits="61269" branch="false"/>
						<line number="75" hits="61269" branch="false"/>
						<line number="76" hits="61269" branch="false"/>
						<line number="81" hits="1068834" branch="false"/>
						<line number="82" hits="1068834" branch="false"/>
						<line number="86" hits="9165" branch="false"/>
						<line number="87" hits="9165" branch="false"/>
						<line number="91" hits="6019" branch="false"/>
						<line number="92" hits="6019" branch="false"/>
						<line number="93" hits="6019" branch="false"/>
						<line number="98" hits="0" branch="false"/>
						<line number="99" hits="0" branch="true" condition-coverage="0% (0/4)">
							<conditions>
								<condition number="0" type="switch" coverage="0%"/>
							</conditions>
						</line>
						<line number="101" hits="0" branch="false"/>
						<line number="102" hits="0" branch="false"/>
						<line number="104" hits="0" branch="false"/>
						<line number="105" hits="0" branch="false"/>
						<line number="107" hits="0" branch="false"/>
						<line number="108" hits="0" branch="false"/>
						<line number="112" hits="0" branch="false"/>
						<line number="120" hits="2106" branch="true" condition-coverage="50% (1/2)">
							<conditions>
								<condition number="0" type="jump" coverage="50%"/>
							</conditions>
						</line>
						<line number="121" hits="2106" branch="true" condition-coverage="100% (2/2)">
							<conditions>
								<condition number="0" type="jump" coverage="100%"/>
							</conditions>
						</line>
						<line number="122" hits="2106" branch="true" condition-coverage="100% (2/2)">
							<conditions>
								<condition number="0" type="jump" coverage="100%"/>
							</conditions>
						</line>
						<line number="123" hits="234" branch="false"/>
						<line number="125" hits="2106" branch="false"/>
						<line number="127" hits="2106" branch="false"/>
						<line number="134" hits="6019" branch="true" condition-coverage="100% (2/2)">
							<conditions>
								<condition number="0" type="jump" coverage="100%"/>
							</conditions>
						</line>
						<line number="135" hits="51636" branch="false"/>
						<line number="136" hits="51636" branch="false"/>
						<line number="137" hits="6019" branch="false"/>
						<line number="146" hits="2457" branch="false"/>
						<line number="147" hits="2457" branch="false"/>
						<line number="161" hits="79677" branch="false"/>
						<line number="169" hits="6019" branch="false"/>
						<line number="177" hits="0" branch="false"/>
						<line number="185" hits="0" branch="false"/>
						<line number="193" hits="0" branch="false"/>
						<line number="201" hits="51636" branch="false"/>
						<line number="209" hits="6019" branch="false"/>
						<line number="214" hits="19201" branch="false"/>
						<line number="222" hits="0" branch="false"/>
						<line number="223" hits="0" branch="false"/>
						<line number="231" hits="2106" branch="false"/>
						<line number="232" hits="2106" branch="true" condition-coverage="50% (1/2)">
							<conditions>
								<condition number="0" type="jump" coverage="50%"/>
							</conditions>
						</line>
						<line number="233" hits="0" branch="true" condition-coverage="0% (0/2)">
							<conditions>
								<condition number="0" type="jump" coverage="0%"/>
							</conditions>
						</line>
						<line number="234" hits="0" branch="false"/>
						<line number="235" hits="0" branch="false"/>
						<line number="237" hits="0" branch="false"/>
						<line number="238" hits="2106" branch="false"/>
						<line number="245" hits="6019" branch="true" condition-coverage="100% (2/2)">
							<conditions>
								<condition number="0" type="jump" coverage="100%"/>
							</conditions>
						</line>
						<line number="246" hits="3666" branch="false"/>
						<line number="248" hits="2353" branch="true" condition-coverage="50% (1/2)">
							<conditions>
								<condition number="0" type="jump" coverage="50%"/>
							</conditions>
						</line>
						<line number="249" hits="2353" branch="false"/>
						<line number="251" hits="0" branch="false"/>
						<line number="254" hits="6019" branch="false"/>
						<line number="261" hits="2353" branch="false"/>
						<line number="262" hits="2353" branch="true" condition-coverage="100% (2/2)">
							<conditions>
								<condition number="0" type="jump" coverage="100%"/>
							</conditions>
						</line>
						<line number="263" hits="2457" branch="true" condition-coverage="100% (2/2)">
							<conditions>
								<condition number="0" type="jump" coverage="100%"/>
							</conditions>
						</line>
						<line number="264" hits="2431" branch="false"/>
						<line number="266" hits="2457" branch="false"/>
						<line number="267" hits="2353" branch="false"/>
					</lines>
				</class>
				<class name="es.iam.check.analisisDespliegues.business.chequeos.AbstractChequeo$1" filename="es/iam/check/analisisDespliegues/business/chequeos/AbstractChequeo.java" line-rate="0.0" branch-rate="1.0" complexity="1.619047619047619">
					<methods>
						<method name="&lt;clinit&gt;" signature="()V" line-rate="0.0" branch-rate="1.0" complexity="0">
							<lines>
								<line number="99" hits="0" branch="false"/>
							</lines>
						</method>
					</methods>
					<lines>
						<line number="99" hits="0" branch="false"/>
					</lines>
				</class>
				<class name="es.iam.check.analisisDespliegues.business.chequeos.ChequeoContenidoDescriptoresDespliegue" filename="es/iam/check/analisisDespliegues/business/chequeos/ChequeoContenidoDescriptoresDespliegue.java" line-rate="0.25925925925925924" branch-rate="0.18181818181818182" complexity="2.4">
					<methods>
						<method name="&lt;init&gt;" signature="(Ljava/lang/String;Ljava/lang/String;Ljava/lang/String;Ljava/lang/String;Ljava/lang/String;)V" line-rate="1.0" branch-rate="1.0" complexity="0">
							<lines>
								<line number="24" hits="9165" branch="false"/>
								<line number="36" hits="9165" branch="false"/>
								<line number="37" hits="9165" branch="false"/>
							</lines>
						</method>
						<method name="agregarRegla" signature="(Les/iam/check/analisisDespliegues/business/chequeos/reglas/IRegla;)V" line-rate="1.0" branch-rate="1.0" complexity="0">
							<lines>
								<line number="42" hits="9165" branch="false"/>
								<line number="43" hits="9165" branch="true" condition-coverage="100% (2/2)">
									<conditions>
										<condition number="0" type="jump" coverage="100%"/>
									</conditions>
								</line>
								<line number="44" hits="7332" branch="false"/>
								<line number="46" hits="9165" branch="false"/>
							</lines>
						</method>
						<method name="marcarContenidoObligatorioEncontrado" signature="(Les/iam/check/analisisDespliegues/business/chequeos/reglas/IRegla;)V" line-rate="0.0" branch-rate="1.0" complexity="0">
							<lines>
								<line number="97" hits="0" branch="false"/>
								<line number="98" hits="0" branch="false"/>
							</lines>
						</method>
						<method name="registrar" signature="(Les/iam/check/analisisDespliegues/business/chequeos/reglas/IRegla;Les/iam/check/analisisDespliegues/business/ficheros/Fichero;)V" line-rate="0.0" branch-rate="0.0" complexity="0">
							<lines>
								<line number="67" hits="0" branch="false"/>
								<line number="68" hits="0" branch="true" condition-coverage="0% (0/2)">
									<conditions>
										<condition number="0" type="jump" coverage="0%"/>
									</conditions>
								</line>
								<line number="69" hits="0" branch="false"/>
								<line number="72" hits="0" branch="false"/>
								<line number="74" hits="0" branch="false"/>
								<line number="76" hits="0" branch="true" condition-coverage="0% (0/3)">
									<conditions>
										<condition number="0" type="switch" coverage="0%"/>
									</conditions>
								</line>
								<line number="78" hits="0" branch="false"/>
								<line number="79" hits="0" branch="false"/>
								<line number="82" hits="0" branch="false"/>
								<line number="83" hits="0" branch="false"/>
								<line number="86" hits="0" branch="false"/>
								<line number="90" hits="0" branch="false"/>
							</lines>
						</method>
						<method name="valorar" signature="()V" line-rate="0.0" branch-rate="0.0" complexity="0">
							<lines>
								<line number="51" hits="0" branch="true" condition-coverage="0% (0/2)">
									<conditions>
										<condition number="0" type="jump" coverage="0%"/>
									</conditions>
								</line>
								<line number="52" hits="0" branch="true" condition-coverage="0% (0/2)">
									<conditions>
										<condition number="0" type="jump" coverage="0%"/>
									</conditions>
								</line>
								<line number="53" hits="0" branch="false"/>
								<line number="54" hits="0" branch="false"/>
								<line number="55" hits="0" branch="false"/>
								<line number="56" hits="0" branch="false"/>
							</lines>
						</method>
					</methods>
					<lines>
						<line number="24" hits="9165" branch="false"/>
						<line number="36" hits="9165" branch="false"/>
						<line number="37" hits="9165" branch="false"/>
						<line number="42" hits="9165" branch="false"/>
						<line number="43" hits="9165" branch="true" condition-coverage="100% (2/2)">
							<conditions>
								<condition number="0" type="jump" coverage="100%"/>
							</conditions>
						</line>
						<line number="44" hits="7332" branch="false"/>
						<line number="46" hits="9165" branch="false"/>
						<line number="51" hits="0" branch="true" condition-coverage="0% (0/2)">
							<conditions>
								<condition number="0" type="jump" coverage="0%"/>
							</conditions>
						</line>
						<line number="52" hits="0" branch="true" condition-coverage="0% (0/2)">
							<conditions>
								<condition number="0" type="jump" coverage="0%"/>
							</conditions>
						</line>
						<line number="53" hits="0" branch="false"/>
						<line number="54" hits="0" branch="false"/>
						<line number="55" hits="0" branch="false"/>
						<line number="56" hits="0" branch="false"/>
						<line number="67" hits="0" branch="false"/>
						<line number="68" hits="0" branch="true" condition-coverage="0% (0/2)">
							<conditions>
								<condition number="0" type="jump" coverage="0%"/>
							</conditions>
						</line>
						<line number="69" hits="0" branch="false"/>
						<line number="72" hits="0" branch="false"/>
						<line number="74" hits="0" branch="false"/>
						<line number="76" hits="0" branch="true" condition-coverage="0% (0/3)">
							<conditions>
								<condition number="0" type="switch" coverage="0%"/>
							</conditions>
						</line>
						<line number="78" hits="0" branch="false"/>
						<line number="79" hits="0" branch="false"/>
						<line number="82" hits="0" branch="false"/>
						<line number="83" hits="0" branch="false"/>
						<line number="86" hits="0" branch="false"/>
						<line number="90" hits="0" branch="false"/>
						<line number="97" hits="0" branch="false"/>
						<line number="98" hits="0" branch="false"/>
					</lines>
				</class>
				<class name="es.iam.check.analisisDespliegues.business.chequeos.ChequeoContenidoDescriptoresDespliegue$1" filename="es/iam/check/analisisDespliegues/business/chequeos/ChequeoContenidoDescriptoresDespliegue.java" line-rate="0.0" branch-rate="1.0" complexity="2.4">
					<methods>
						<method name="&lt;clinit&gt;" signature="()V" line-rate="0.0" branch-rate="1.0" complexity="0">
							<lines>
								<line number="76" hits="0" branch="false"/>
							</lines>
						</method>
					</methods>
					<lines>
						<line number="76" hits="0" branch="false"/>
					</lines>
				</class>
				<class name="es.iam.check.analisisDespliegues.business.chequeos.ChequeoExistenciaFicheros" filename="es/iam/check/analisisDespliegues/business/chequeos/ChequeoExistenciaFicheros.java" line-rate="1.0" branch-rate="0.9230769230769231" complexity="2.3333333333333335">
					<methods>
						<method name="&lt;init&gt;" signature="(Ljava/lang/String;Ljava/lang/String;Ljava/lang/String;Ljava/lang/String;Ljava/lang/String;)V" line-rate="1.0" branch-rate="1.0" complexity="0">
							<lines>
								<line number="22" hits="49374" branch="false"/>
								<line number="33" hits="49374" branch="false"/>
								<line number="34" hits="49374" branch="false"/>
							</lines>
						</method>
						<method name="agregarRegla" signature="(Les/iam/check/analisisDespliegues/business/chequeos/reglas/IRegla;)V" line-rate="1.0" branch-rate="1.0" complexity="0">
							<lines>
								<line number="39" hits="1056939" branch="false"/>
								<line number="40" hits="1056939" branch="false"/>
								<line number="41" hits="1056939" branch="true" condition-coverage="100% (2/2)">
									<conditions>
										<condition number="0" type="jump" coverage="100%"/>
									</conditions>
								</line>
								<line number="42" hits="29289" branch="false"/>
								<line number="44" hits="1056939" branch="false"/>
							</lines>
						</method>
						<method name="chequea" signature="(Les/iam/check/analisisDespliegues/business/ficheros/Fichero;)V" line-rate="1.0" branch-rate="1.0" complexity="0">
							<lines>
								<line number="60" hits="49530" branch="true" condition-coverage="100% (2/2)">
									<conditions>
										<condition number="0" type="jump" coverage="100%"/>
									</conditions>
								</line>
								<line number="61" hits="927641" branch="true" condition-coverage="100% (2/2)">
									<conditions>
										<condition number="0" type="jump" coverage="100%"/>
									</conditions>
								</line>
								<line number="62" hits="4576" branch="false"/>
								<line number="64" hits="927641" branch="false"/>
								<line number="65" hits="49530" branch="false"/>
							</lines>
						</method>
						<method name="marcarFicheroObligatorioEncontrado" signature="(Les/iam/check/analisisDespliegues/business/chequeos/reglas/IRegla;)V" line-rate="1.0" branch-rate="1.0" complexity="0">
							<lines>
								<line number="99" hits="2730" branch="false"/>
								<line number="100" hits="2730" branch="false"/>
								<line number="101" hits="2730" branch="false"/>
							</lines>
						</method>
						<method name="registrar" signature="(Les/iam/check/analisisDespliegues/business/chequeos/reglas/IRegla;Les/iam/check/analisisDespliegues/business/ficheros/Fichero;)V" line-rate="1.0" branch-rate="1.0" complexity="0">
							<lines>
								<line number="75" hits="4576" branch="false"/>
								<line number="76" hits="4576" branch="false"/>
								<line number="78" hits="4576" branch="true" condition-coverage="100% (3/3)">
									<conditions>
										<condition number="0" type="switch" coverage="100%"/>
									</conditions>
								</line>
								<line number="80" hits="1820" branch="false"/>
								<line number="81" hits="1820" branch="false"/>
								<line number="84" hits="26" branch="false"/>
								<line number="85" hits="26" branch="false"/>
								<line number="88" hits="2730" branch="false"/>
								<line number="92" hits="4576" branch="false"/>
							</lines>
						</method>
						<method name="valorar" signature="()V" line-rate="1.0" branch-rate="0.75" complexity="0">
							<lines>
								<line number="49" hits="5902" branch="true" condition-coverage="100% (2/2)">
									<conditions>
										<condition number="0" type="jump" coverage="100%"/>
									</conditions>
								</line>
								<line number="50" hits="533" branch="false"/>
								<line number="51" hits="533" branch="true" condition-coverage="50% (1/2)">
									<conditions>
										<condition number="0" type="jump" coverage="50%"/>
									</conditions>
								</line>
								<line number="52" hits="533" branch="false"/>
								<line number="53" hits="533" branch="false"/>
								<line number="54" hits="5902" branch="false"/>
								<line number="55" hits="5902" branch="false"/>
							</lines>
						</method>
					</methods>
					<lines>
						<line number="22" hits="49374" branch="false"/>
						<line number="33" hits="49374" branch="false"/>
						<line number="34" hits="49374" branch="false"/>
						<line number="39" hits="1056939" branch="false"/>
						<line number="40" hits="1056939" branch="false"/>
						<line number="41" hits="1056939" branch="true" condition-coverage="100% (2/2)">
							<conditions>
								<condition number="0" type="jump" coverage="100%"/>
							</conditions>
						</line>
						<line number="42" hits="29289" branch="false"/>
						<line number="44" hits="1056939" branch="false"/>
						<line number="49" hits="5902" branch="true" condition-coverage="100% (2/2)">
							<conditions>
								<condition number="0" type="jump" coverage="100%"/>
							</conditions>
						</line>
						<line number="50" hits="533" branch="false"/>
						<line number="51" hits="533" branch="true" condition-coverage="50% (1/2)">
							<conditions>
								<condition number="0" type="jump" coverage="50%"/>
							</conditions>
						</line>
						<line number="52" hits="533" branch="false"/>
						<line number="53" hits="533" branch="false"/>
						<line number="54" hits="5902" branch="false"/>
						<line number="55" hits="5902" branch="false"/>
						<line number="60" hits="49530" branch="true" condition-coverage="100% (2/2)">
							<conditions>
								<condition number="0" type="jump" coverage="100%"/>
							</conditions>
						</line>
						<line number="61" hits="927641" branch="true" condition-coverage="100% (2/2)">
							<conditions>
								<condition number="0" type="jump" coverage="100%"/>
							</conditions>
						</line>
						<line number="62" hits="4576" branch="false"/>
						<line number="64" hits="927641" branch="false"/>
						<line number="65" hits="49530" branch="false"/>
						<line number="75" hits="4576" branch="false"/>
						<line number="76" hits="4576" branch="false"/>
						<line number="78" hits="4576" branch="true" condition-coverage="100% (3/3)">
							<conditions>
								<condition number="0" type="switch" coverage="100%"/>
							</conditions>
						</line>
						<line number="80" hits="1820" branch="false"/>
						<line number="81" hits="1820" branch="false"/>
						<line number="84" hits="26" branch="false"/>
						<line number="85" hits="26" branch="false"/>
						<line number="88" hits="2730" branch="false"/>
						<line number="92" hits="4576" branch="false"/>
						<line number="99" hits="2730" branch="false"/>
						<line number="100" hits="2730" branch="false"/>
						<line number="101" hits="2730" branch="false"/>
					</lines>
				</class>
				<class name="es.iam.check.analisisDespliegues.business.chequeos.ChequeoExistenciaFicheros$1" filename="es/iam/check/analisisDespliegues/business/chequeos/ChequeoExistenciaFicheros.java" line-rate="1.0" branch-rate="1.0" complexity="2.3333333333333335">
					<methods>
						<method name="&lt;clinit&gt;" signature="()V" line-rate="1.0" branch-rate="1.0" complexity="0">
							<lines>
								<line number="78" hits="13" branch="false"/>
							</lines>
						</method>
					</methods>
					<lines>
						<line number="78" hits="13" branch="false"/>
					</lines>
				</class>
				<class name="es.iam.check.analisisDespliegues.business.chequeos.ChequeoLibreriasDuplicadas" filename="es/iam/check/analisisDespliegues/business/chequeos/ChequeoLibreriasDuplicadas.java" line-rate="0.9024390243902439" branch-rate="0.875" complexity="2.5">
					<methods>
						<method name="&lt;init&gt;" signature="(Ljava/lang/String;Ljava/lang/String;Ljava/lang/String;Ljava/lang/String;Ljava/lang/String;)V" line-rate="1.0" branch-rate="1.0" complexity="0">
							<lines>
								<line number="26" hits="2730" branch="false"/>
								<line number="37" hits="2730" branch="false"/>
								<line number="38" hits="2730" branch="false"/>
							</lines>
						</method>
						<method name="calcularMD5" signature="(Les/iam/check/analisisDespliegues/business/ficheros/Fichero;)Ljava/lang/String;" line-rate="0.8518518518518519" branch-rate="1.0" complexity="0">
							<lines>
								<line number="61" hits="234" branch="false"/>
								<line number="62" hits="234" branch="false"/>
								<line number="63" hits="234" branch="false"/>
								<line number="65" hits="234" branch="false"/>
								<line number="66" hits="234" branch="false"/>
								<line number="67" hits="234" branch="false"/>
								<line number="68" hits="234" branch="false"/>
								<line number="69" hits="234" branch="false"/>
								<line number="70" hits="234" branch="false"/>
								<line number="71" hits="234" branch="false"/>
								<line number="72" hits="234" branch="false"/>
								<line number="73" hits="234" branch="false"/>
								<line number="74" hits="234" branch="false"/>
								<line number="76" hits="3978" branch="true" condition-coverage="100% (2/2)">
									<conditions>
										<condition number="0" type="jump" coverage="100%"/>
									</conditions>
								</line>
								<line number="77" hits="3744" branch="false"/>
								<line number="78" hits="3744" branch="true" condition-coverage="100% (2/2)">
									<conditions>
										<condition number="0" type="jump" coverage="100%"/>
									</conditions>
								</line>
								<line number="79" hits="205" branch="false"/>
								<line number="81" hits="3744" branch="false"/>
								<line number="83" hits="234" branch="false"/>
								<line number="84" hits="234" branch="false"/>
								<line number="85" hits="234" branch="false"/>
								<line number="87" hits="0" branch="false"/>
								<line number="88" hits="0" branch="false"/>
								<line number="89" hits="0" branch="false"/>
								<line number="90" hits="0" branch="false"/>
								<line number="91" hits="234" branch="false"/>
								<line number="93" hits="234" branch="false"/>
							</lines>
						</method>
						<method name="obtenerRutaJar" signature="(Les/iam/check/analisisDespliegues/business/ficheros/Fichero;)Ljava/lang/String;" line-rate="1.0" branch-rate="0.5" complexity="0">
							<lines>
								<line number="102" hits="234" branch="false"/>
								<line number="103" hits="234" branch="false"/>
								<line number="104" hits="234" branch="false"/>
								<line number="105" hits="234" branch="true" condition-coverage="50% (1/2)">
									<conditions>
										<condition number="0" type="jump" coverage="50%"/>
									</conditions>
								</line>
								<line number="106" hits="234" branch="false"/>
								<line number="108" hits="234" branch="false"/>
							</lines>
						</method>
						<method name="registrar" signature="(Les/iam/check/analisisDespliegues/business/chequeos/reglas/IRegla;Les/iam/check/analisisDespliegues/business/ficheros/Fichero;)V" line-rate="1.0" branch-rate="1.0" complexity="0">
							<lines>
								<line number="46" hits="234" branch="false"/>
								<line number="47" hits="234" branch="true" condition-coverage="100% (2/2)">
									<conditions>
										<condition number="0" type="jump" coverage="100%"/>
									</conditions>
								</line>
								<line number="48" hits="78" branch="false"/>
								<line number="50" hits="156" branch="false"/>
								<line number="52" hits="234" branch="false"/>
							</lines>
						</method>
					</methods>
					<lines>
						<line number="26" hits="2730" branch="false"/>
						<line number="37" hits="2730" branch="false"/>
						<line number="38" hits="2730" branch="false"/>
						<line number="46" hits="234" branch="false"/>
						<line number="47" hits="234" branch="true" condition-coverage="100% (2/2)">
							<conditions>
								<condition number="0" type="jump" coverage="100%"/>
							</conditions>
						</line>
						<line number="48" hits="78" branch="false"/>
						<line number="50" hits="156" branch="false"/>
						<line number="52" hits="234" branch="false"/>
						<line number="61" hits="234" branch="false"/>
						<line number="62" hits="234" branch="false"/>
						<line number="63" hits="234" branch="false"/>
						<line number="65" hits="234" branch="false"/>
						<line number="66" hits="234" branch="false"/>
						<line number="67" hits="234" branch="false"/>
						<line number="68" hits="234" branch="false"/>
						<line number="69" hits="234" branch="false"/>
						<line number="70" hits="234" branch="false"/>
						<line number="71" hits="234" branch="false"/>
						<line number="72" hits="234" branch="false"/>
						<line number="73" hits="234" branch="false"/>
						<line number="74" hits="234" branch="false"/>
						<line number="76" hits="3978" branch="true" condition-coverage="100% (2/2)">
							<conditions>
								<condition number="0" type="jump" coverage="100%"/>
							</conditions>
						</line>
						<line number="77" hits="3744" branch="false"/>
						<line number="78" hits="3744" branch="true" condition-coverage="100% (2/2)">
							<conditions>
								<condition number="0" type="jump" coverage="100%"/>
							</conditions>
						</line>
						<line number="79" hits="205" branch="false"/>
						<line number="81" hits="3744" branch="false"/>
						<line number="83" hits="234" branch="false"/>
						<line number="84" hits="234" branch="false"/>
						<line number="85" hits="234" branch="false"/>
						<line number="87" hits="0" branch="false"/>
						<line number="88" hits="0" branch="false"/>
						<line number="89" hits="0" branch="false"/>
						<line number="90" hits="0" branch="false"/>
						<line number="91" hits="234" branch="false"/>
						<line number="93" hits="234" branch="false"/>
						<line number="102" hits="234" branch="false"/>
						<line number="103" hits="234" branch="false"/>
						<line number="104" hits="234" branch="false"/>
						<line number="105" hits="234" branch="true" condition-coverage="50% (1/2)">
							<conditions>
								<condition number="0" type="jump" coverage="50%"/>
							</conditions>
						</line>
						<line number="106" hits="234" branch="false"/>
						<line number="108" hits="234" branch="false"/>
					</lines>
				</class>
				<class name="es.iam.check.analisisDespliegues.business.chequeos.ChequeosFactory" filename="es/iam/check/analisisDespliegues/business/chequeos/ChequeosFactory.java" line-rate="0.963855421686747" branch-rate="0.9666666666666667" complexity="4.6">
					<methods>
						<method name="&lt;init&gt;" signature="(Ljava/io/InputStream;)V" line-rate="1.0" branch-rate="1.0" complexity="0">
							<lines>
								<line number="59" hits="2730" branch="false"/>
								<line number="61" hits="2730" branch="false"/>
								<line number="63" hits="2730" branch="false"/>
							</lines>
						</method>
						<method name="createChequeos" signature="(Ljava/lang/Class;)Ljava/util/Collection;" line-rate="0.9" branch-rate="0.8333333333333334" complexity="0">
							<lines>
								<line number="72" hits="8190" branch="false"/>
								<line number="74" hits="8190" branch="true" condition-coverage="100% (2/2)">
									<conditions>
										<condition number="0" type="jump" coverage="100%"/>
									</conditions>
								</line>
								<line number="75" hits="2730" branch="false"/>
								<line number="76" hits="5460" branch="true" condition-coverage="100% (2/2)">
									<conditions>
										<condition number="0" type="jump" coverage="100%"/>
									</conditions>
								</line>
								<line number="77" hits="2730" branch="false"/>
								<line number="78" hits="2730" branch="true" condition-coverage="50% (1/2)">
									<conditions>
										<condition number="0" type="jump" coverage="50%"/>
									</conditions>
								</line>
								<line number="79" hits="2730" branch="false"/>
								<line number="81" hits="0" branch="false"/>
								<line number="84" hits="8190" branch="false"/>
								<line number="86" hits="8190" branch="false"/>
							</lines>
						</method>
						<method name="getChequeos" signature="(Ljava/util/List;)Ljava/util/Collection;" line-rate="1.0" branch-rate="1.0" complexity="0">
							<lines>
								<line number="133" hits="8190" branch="false"/>
								<line number="135" hits="8190" branch="true" condition-coverage="100% (2/2)">
									<conditions>
										<condition number="0" type="jump" coverage="100%"/>
									</conditions>
								</line>
								<line number="137" hits="13650" branch="true" condition-coverage="100% (2/2)">
									<conditions>
										<condition number="0" type="jump" coverage="100%"/>
									</conditions>
								</line>
								<line number="139" hits="61269" branch="false"/>
								<line number="141" hits="61269" branch="false"/>
								<line number="142" hits="61269" branch="true" condition-coverage="100% (2/2)">
									<conditions>
										<condition number="0" type="jump" coverage="100%"/>
									</conditions>
								</line>
								<line number="143" hits="61269" branch="false"/>
								<line number="144" hits="49374" branch="false"/>
								<line number="145" hits="49374" branch="false"/>
								<line number="146" hits="49374" branch="false"/>
								<line number="147" hits="49374" branch="false"/>
								<line number="148" hits="49374" branch="false"/>
								<line number="149" hits="49374" branch="false"/>
								<line number="152" hits="61269" branch="false"/>
								<line number="153" hits="61269" branch="true" condition-coverage="100% (2/2)">
									<conditions>
										<condition number="0" type="jump" coverage="100%"/>
									</conditions>
								</line>
								<line number="154" hits="61269" branch="false"/>
								<line number="155" hits="9165" branch="false"/>
								<line number="156" hits="9165" branch="false"/>
								<line number="157" hits="9165" branch="false"/>
								<line number="158" hits="9165" branch="false"/>
								<line number="159" hits="9165" branch="false"/>
								<line number="160" hits="9165" branch="false"/>
								<line number="165" hits="61269" branch="false"/>
								<line number="166" hits="61269" branch="true" condition-coverage="100% (2/2)">
									<conditions>
										<condition number="0" type="jump" coverage="100%"/>
									</conditions>
								</line>
								<line number="167" hits="61269" branch="false"/>
								<line number="168" hits="2730" branch="false"/>
								<line number="169" hits="2730" branch="false"/>
								<line number="170" hits="2730" branch="false"/>
								<line number="171" hits="2730" branch="false"/>
								<line number="172" hits="2730" branch="false"/>
								<line number="173" hits="2730" branch="false"/>
								<line number="177" hits="122538" branch="false"/>
								<line number="178" hits="61269" branch="false"/>
								<line number="180" hits="61269" branch="true" condition-coverage="100% (2/2)">
									<conditions>
										<condition number="0" type="jump" coverage="100%"/>
									</conditions>
								</line>
								<line number="181" hits="1077999" branch="true" condition-coverage="100% (4/4)">
									<conditions>
										<condition number="0" type="jump" coverage="100%"/>
										<condition number="1" type="jump" coverage="100%"/>
									</conditions>
								</line>
								<line number="182" hits="9165" branch="false"/>
								<line number="184" hits="1068834" branch="false"/>
								<line number="185" hits="1077999" branch="false"/>
								<line number="187" hits="61269" branch="false"/>
								<line number="190" hits="61269" branch="false"/>
								<line number="192" hits="13650" branch="false"/>
								<line number="194" hits="8190" branch="false"/>
							</lines>
						</method>
						<method name="getConfiguracion" signature="(Ljava/io/InputStream;)Les/iam/check/analisisDespliegues/business/chequeos/model/TipoAnalisis;" line-rate="0.8571428571428571" branch-rate="1.0" complexity="0">
							<lines>
								<line number="100" hits="2730" branch="false"/>
								<line number="104" hits="2730" branch="false"/>
								<line number="105" hits="2730" branch="false"/>
								<line number="107" hits="2730" branch="false"/>
								<line number="108" hits="2730" branch="false"/>
								<line number="109" hits="2730" branch="false"/>
								<line number="110" hits="2730" branch="false"/>
								<line number="112" hits="2730" branch="false"/>
								<line number="114" hits="2730" branch="false"/>
								<line number="115" hits="2730" branch="false"/>
								<line number="117" hits="0" branch="false"/>
								<line number="118" hits="0" branch="false"/>
								<line number="119" hits="2730" branch="false"/>
								<line number="121" hits="2730" branch="false"/>
							</lines>
						</method>
						<method name="getReglas" signature="(Les/iam/check/analisisDespliegues/business/chequeos/model/TipoReglas;)Ljava/util/List;" line-rate="1.0" branch-rate="1.0" complexity="0">
							<lines>
								<line number="207" hits="61269" branch="false"/>
								<line number="208" hits="61269" branch="true" condition-coverage="100% (2/2)">
									<conditions>
										<condition number="0" type="jump" coverage="100%"/>
									</conditions>
								</line>
								<line number="210" hits="1077999" branch="true" condition-coverage="100% (2/2)">
									<conditions>
										<condition number="0" type="jump" coverage="100%"/>
									</conditions>
								</line>
								<line number="212" hits="1068834" branch="false"/>
								<line number="213" hits="1068834" branch="false"/>
								<line number="214" hits="1068834" branch="false"/>
								<line number="218" hits="1077999" branch="true" condition-coverage="100% (2/2)">
									<conditions>
										<condition number="0" type="jump" coverage="100%"/>
									</conditions>
								</line>
								<line number="220" hits="5460" branch="false"/>
								<line number="221" hits="5460" branch="false"/>
								<line number="225" hits="1077999" branch="true" condition-coverage="100% (2/2)">
									<conditions>
										<condition number="0" type="jump" coverage="100%"/>
									</conditions>
								</line>
								<line number="227" hits="3705" branch="false"/>
								<line number="228" hits="3705" branch="false"/>
								<line number="231" hits="1077999" branch="false"/>
								<line number="233" hits="61269" branch="false"/>
							</lines>
						</method>
					</methods>
					<lines>
						<line number="59" hits="2730" branch="false"/>
						<line number="61" hits="2730" branch="false"/>
						<line number="63" hits="2730" branch="false"/>
						<line number="72" hits="8190" branch="false"/>
						<line number="74" hits="8190" branch="true" condition-coverage="100% (2/2)">
							<conditions>
								<condition number="0" type="jump" coverage="100%"/>
							</conditions>
						</line>
						<line number="75" hits="2730" branch="false"/>
						<line number="76" hits="5460" branch="true" condition-coverage="100% (2/2)">
							<conditions>
								<condition number="0" type="jump" coverage="100%"/>
							</conditions>
						</line>
						<line number="77" hits="2730" branch="false"/>
						<line number="78" hits="2730" branch="true" condition-coverage="50% (1/2)">
							<conditions>
								<condition number="0" type="jump" coverage="50%"/>
							</conditions>
						</line>
						<line number="79" hits="2730" branch="false"/>
						<line number="81" hits="0" branch="false"/>
						<line number="84" hits="8190" branch="false"/>
						<line number="86" hits="8190" branch="false"/>
						<line number="100" hits="2730" branch="false"/>
						<line number="104" hits="2730" branch="false"/>
						<line number="105" hits="2730" branch="false"/>
						<line number="107" hits="2730" branch="false"/>
						<line number="108" hits="2730" branch="false"/>
						<line number="109" hits="2730" branch="false"/>
						<line number="110" hits="2730" branch="false"/>
						<line number="112" hits="2730" branch="false"/>
						<line number="114" hits="2730" branch="false"/>
						<line number="115" hits="2730" branch="false"/>
						<line number="117" hits="0" branch="false"/>
						<line number="118" hits="0" branch="false"/>
						<line number="119" hits="2730" branch="false"/>
						<line number="121" hits="2730" branch="false"/>
						<line number="133" hits="8190" branch="false"/>
						<line number="135" hits="8190" branch="true" condition-coverage="100% (2/2)">
							<conditions>
								<condition number="0" type="jump" coverage="100%"/>
							</conditions>
						</line>
						<line number="137" hits="13650" branch="true" condition-coverage="100% (2/2)">
							<conditions>
								<condition number="0" type="jump" coverage="100%"/>
							</conditions>
						</line>
						<line number="139" hits="61269" branch="false"/>
						<line number="141" hits="61269" branch="false"/>
						<line number="142" hits="61269" branch="true" condition-coverage="100% (2/2)">
							<conditions>
								<condition number="0" type="jump" coverage="100%"/>
							</conditions>
						</line>
						<line number="143" hits="61269" branch="false"/>
						<line number="144" hits="49374" branch="false"/>
						<line number="145" hits="49374" branch="false"/>
						<line number="146" hits="49374" branch="false"/>
						<line number="147" hits="49374" branch="false"/>
						<line number="148" hits="49374" branch="false"/>
						<line number="149" hits="49374" branch="false"/>
						<line number="152" hits="61269" branch="false"/>
						<line number="153" hits="61269" branch="true" condition-coverage="100% (2/2)">
							<conditions>
								<condition number="0" type="jump" coverage="100%"/>
							</conditions>
						</line>
						<line number="154" hits="61269" branch="false"/>
						<line number="155" hits="9165" branch="false"/>
						<line number="156" hits="9165" branch="false"/>
						<line number="157" hits="9165" branch="false"/>
						<line number="158" hits="9165" branch="false"/>
						<line number="159" hits="9165" branch="false"/>
						<line number="160" hits="9165" branch="false"/>
						<line number="165" hits="61269" branch="false"/>
						<line number="166" hits="61269" branch="true" condition-coverage="100% (2/2)">
							<conditions>
								<condition number="0" type="jump" coverage="100%"/>
							</conditions>
						</line>
						<line number="167" hits="61269" branch="false"/>
						<line number="168" hits="2730" branch="false"/>
						<line number="169" hits="2730" branch="false"/>
						<line number="170" hits="2730" branch="false"/>
						<line number="171" hits="2730" branch="false"/>
						<line number="172" hits="2730" branch="false"/>
						<line number="173" hits="2730" branch="false"/>
						<line number="177" hits="122538" branch="false"/>
						<line number="178" hits="61269" branch="false"/>
						<line number="180" hits="61269" branch="true" condition-coverage="100% (2/2)">
							<conditions>
								<condition number="0" type="jump" coverage="100%"/>
							</conditions>
						</line>
						<line number="181" hits="1077999" branch="true" condition-coverage="100% (4/4)">
							<conditions>
								<condition number="0" type="jump" coverage="100%"/>
								<condition number="1" type="jump" coverage="100%"/>
							</conditions>
						</line>
						<line number="182" hits="9165" branch="false"/>
						<line number="184" hits="1068834" branch="false"/>
						<line number="185" hits="1077999" branch="false"/>
						<line number="187" hits="61269" branch="false"/>
						<line number="190" hits="61269" branch="false"/>
						<line number="192" hits="13650" branch="false"/>
						<line number="194" hits="8190" branch="false"/>
						<line number="207" hits="61269" branch="false"/>
						<line number="208" hits="61269" branch="true" condition-coverage="100% (2/2)">
							<conditions>
								<condition number="0" type="jump" coverage="100%"/>
							</conditions>
						</line>
						<line number="210" hits="1077999" branch="true" condition-coverage="100% (2/2)">
							<conditions>
								<condition number="0" type="jump" coverage="100%"/>
							</conditions>
						</line>
						<line number="212" hits="1068834" branch="false"/>
						<line number="213" hits="1068834" branch="false"/>
						<line number="214" hits="1068834" branch="false"/>
						<line number="218" hits="1077999" branch="true" condition-coverage="100% (2/2)">
							<conditions>
								<condition number="0" type="jump" coverage="100%"/>
							</conditions>
						</line>
						<line number="220" hits="5460" branch="false"/>
						<line number="221" hits="5460" branch="false"/>
						<line number="225" hits="1077999" branch="true" condition-coverage="100% (2/2)">
							<conditions>
								<condition number="0" type="jump" coverage="100%"/>
							</conditions>
						</line>
						<line number="227" hits="3705" branch="false"/>
						<line number="228" hits="3705" branch="false"/>
						<line number="231" hits="1077999" branch="false"/>
						<line number="233" hits="61269" branch="false"/>
					</lines>
				</class>
				<class name="es.iam.check.analisisDespliegues.business.chequeos.IChequeo" filename="es/iam/check/analisisDespliegues/business/chequeos/IChequeo.java" line-rate="1.0" branch-rate="1.0" complexity="1.0">
					<methods>
					</methods>
					<lines>
					</lines>
				</class>
				<class name="es.iam.check.analisisDespliegues.business.chequeos.RepositorioChequeos" filename="es/iam/check/analisisDespliegues/business/chequeos/RepositorioChequeos.java" line-rate="0.8947368421052632" branch-rate="1.0" complexity="2.6666666666666665">
					<methods>
						<method name="&lt;init&gt;" signature="()V" line-rate="1.0" branch-rate="1.0" complexity="0">
							<lines>
								<line number="26" hits="2730" branch="false"/>
								<line number="32" hits="2730" branch="false"/>
							</lines>
						</method>
						<method name="cargarChequeosPorTipoAnalizador" signature="(Ljava/lang/Class;)Ljava/util/Collection;" line-rate="1.0" branch-rate="1.0" complexity="0">
							<lines>
								<line number="85" hits="8190" branch="false"/>
								<line number="86" hits="8190" branch="false"/>
								<line number="87" hits="8190" branch="false"/>
							</lines>
						</method>
						<method name="init" signature="(Les/iam/check/analisisDespliegues/business/configuracion/TipoServidor;)V" line-rate="0.8461538461538461" branch-rate="1.0" complexity="0">
							<lines>
								<line number="49" hits="2730" branch="true" condition-coverage="100% (2/2)">
									<conditions>
										<condition number="0" type="jump" coverage="100%"/>
									</conditions>
								</line>
								<line number="50" hits="858" branch="false"/>
								<line number="52" hits="2730" branch="true" condition-coverage="100% (2/2)">
									<conditions>
										<condition number="0" type="jump" coverage="100%"/>
									</conditions>
								</line>
								<line number="53" hits="975" branch="false"/>
								<line number="55" hits="2730" branch="true" condition-coverage="100% (2/2)">
									<conditions>
										<condition number="0" type="jump" coverage="100%"/>
									</conditions>
								</line>
								<line number="56" hits="897" branch="false"/>
								<line number="58" hits="0" branch="false"/>
								<line number="59" hits="0" branch="false"/>
								<line number="60" hits="2730" branch="false"/>
								<line number="62" hits="2730" branch="false"/>
								<line number="63" hits="2730" branch="false"/>
								<line number="64" hits="2730" branch="false"/>
								<line number="67" hits="2730" branch="false"/>
							</lines>
						</method>
						<method name="resuelveChequeosPorAnalizador" signature="(Ljava/lang/Class;)Ljava/util/Collection;" line-rate="1.0" branch-rate="1.0" complexity="0">
							<lines>
								<line number="75" hits="2730" branch="false"/>
							</lines>
						</method>
					</methods>
					<lines>
						<line number="26" hits="2730" branch="false"/>
						<line number="32" hits="2730" branch="false"/>
						<line number="49" hits="2730" branch="true" condition-coverage="100% (2/2)">
							<conditions>
								<condition number="0" type="jump" coverage="100%"/>
							</conditions>
						</line>
						<line number="50" hits="858" branch="false"/>
						<line number="52" hits="2730" branch="true" condition-coverage="100% (2/2)">
							<conditions>
								<condition number="0" type="jump" coverage="100%"/>
							</conditions>
						</line>
						<line number="53" hits="975" branch="false"/>
						<line number="55" hits="2730" branch="true" condition-coverage="100% (2/2)">
							<conditions>
								<condition number="0" type="jump" coverage="100%"/>
							</conditions>
						</line>
						<line number="56" hits="897" branch="false"/>
						<line number="58" hits="0" branch="false"/>
						<line number="59" hits="0" branch="false"/>
						<line number="60" hits="2730" branch="false"/>
						<line number="62" hits="2730" branch="false"/>
						<line number="63" hits="2730" branch="false"/>
						<line number="64" hits="2730" branch="false"/>
						<line number="67" hits="2730" branch="false"/>
						<line number="75" hits="2730" branch="false"/>
						<line number="85" hits="8190" branch="false"/>
						<line number="86" hits="8190" branch="false"/>
						<line number="87" hits="8190" branch="false"/>
					</lines>
				</class>
				<class name="es.iam.check.analisisDespliegues.business.chequeos.Valoracion" filename="es/iam/check/analisisDespliegues/business/chequeos/Valoracion.java" line-rate="0.7272727272727273" branch-rate="1.0" complexity="1.0">
					<methods>
						<method name="&lt;clinit&gt;" signature="()V" line-rate="1.0" branch-rate="1.0" complexity="0">
							<lines>
								<line number="7" hits="24" branch="false"/>
								<line number="11" hits="13" branch="false"/>
								<line number="12" hits="13" branch="false"/>
								<line number="13" hits="13" branch="false"/>
								<line number="14" hits="13" branch="false"/>
							</lines>
						</method>
						<method name="&lt;init&gt;" signature="(Ljava/lang/String;ILjava/lang/String;)V" line-rate="1.0" branch-rate="1.0" complexity="0">
							<lines>
								<line number="41" hits="52" branch="false"/>
								<line number="42" hits="52" branch="false"/>
								<line number="43" hits="52" branch="false"/>
							</lines>
						</method>
						<method name="getDescripcion" signature="()Ljava/lang/String;" line-rate="0.0" branch-rate="1.0" complexity="0">
							<lines>
								<line number="26" hits="0" branch="false"/>
							</lines>
						</method>
						<method name="setDescripcion" signature="(Ljava/lang/String;)V" line-rate="0.0" branch-rate="1.0" complexity="0">
							<lines>
								<line number="34" hits="0" branch="false"/>
								<line number="35" hits="0" branch="false"/>
							</lines>
						</method>
						<method name="valueOf" signature="(Ljava/lang/String;)Les/iam/check/analisisDespliegues/business/chequeos/Valoracion;" line-rate="1.0" branch-rate="1.0" complexity="0">
							<lines>
							</lines>
						</method>
						<method name="values" signature="()[Les/iam/check/analisisDespliegues/business/chequeos/Valoracion;" line-rate="1.0" branch-rate="1.0" complexity="0">
							<lines>
							</lines>
						</method>
					</methods>
					<lines>
						<line number="7" hits="24" branch="false"/>
						<line number="11" hits="13" branch="false"/>
						<line number="12" hits="13" branch="false"/>
						<line number="13" hits="13" branch="false"/>
						<line number="14" hits="13" branch="false"/>
						<line number="26" hits="0" branch="false"/>
						<line number="34" hits="0" branch="false"/>
						<line number="35" hits="0" branch="false"/>
						<line number="41" hits="52" branch="false"/>
						<line number="42" hits="52" branch="false"/>
						<line number="43" hits="52" branch="false"/>
					</lines>
				</class>
			</classes>
		</package>
		<package name="es.iam.check.analisisDespliegues.business.chequeos.exception" line-rate="0.0" branch-rate="1.0" complexity="1.0">
			<classes>
				<class name="es.iam.check.analisisDespliegues.business.chequeos.exception.InstalacionException" filename="es/iam/check/analisisDespliegues/business/chequeos/exception/InstalacionException.java" line-rate="0.0" branch-rate="1.0" complexity="1.0">
					<methods>
						<method name="&lt;init&gt;" signature="(Ljava/lang/Exception;)V" line-rate="0.0" branch-rate="1.0" complexity="0">
							<lines>
								<line number="22" hits="0" branch="false"/>
								<line number="23" hits="0" branch="false"/>
							</lines>
						</method>
					</methods>
					<lines>
						<line number="22" hits="0" branch="false"/>
						<line number="23" hits="0" branch="false"/>
					</lines>
				</class>
			</classes>
		</package>
		<package name="es.iam.check.analisisDespliegues.business.chequeos.incidencias" line-rate="1.0" branch-rate="1.0" complexity="1.0">
			<classes>
				<class name="es.iam.check.analisisDespliegues.business.chequeos.incidencias.IncidenciaChequeo" filename="es/iam/check/analisisDespliegues/business/chequeos/incidencias/IncidenciaChequeo.java" line-rate="1.0" branch-rate="1.0" complexity="1.0">
					<methods>
						<method name="&lt;init&gt;" signature="(Les/iam/check/analisisDespliegues/business/chequeos/incidencias/IncidenciaChequeo$NivelIncidencia;Ljava/lang/String;Ljava/lang/String;)V" line-rate="1.0" branch-rate="1.0" complexity="0">
							<lines>
								<line number="40" hits="2457" branch="false"/>
								<line number="41" hits="2457" branch="false"/>
								<line number="42" hits="2457" branch="false"/>
								<line number="43" hits="2457" branch="false"/>
								<line number="44" hits="2457" branch="false"/>
							</lines>
						</method>
						<method name="getComentario" signature="()Ljava/lang/String;" line-rate="1.0" branch-rate="1.0" complexity="0">
							<lines>
								<line number="59" hits="2457" branch="false"/>
							</lines>
						</method>
						<method name="getNivelIncidencia" signature="()Les/iam/check/analisisDespliegues/business/chequeos/incidencias/IncidenciaChequeo$NivelIncidencia;" line-rate="1.0" branch-rate="1.0" complexity="0">
							<lines>
								<line number="67" hits="4914" branch="false"/>
							</lines>
						</method>
						<method name="getRutaIncidencia" signature="()Ljava/lang/String;" line-rate="1.0" branch-rate="1.0" complexity="0">
							<lines>
								<line number="51" hits="2457" branch="false"/>
							</lines>
						</method>
					</methods>
					<lines>
						<line number="40" hits="2457" branch="false"/>
						<line number="41" hits="2457" branch="false"/>
						<line number="42" hits="2457" branch="false"/>
						<line number="43" hits="2457" branch="false"/>
						<line number="44" hits="2457" branch="false"/>
						<line number="51" hits="2457" branch="false"/>
						<line number="59" hits="2457" branch="false"/>
						<line number="67" hits="4914" branch="false"/>
					</lines>
				</class>
				<class name="es.iam.check.analisisDespliegues.business.chequeos.incidencias.IncidenciaChequeo$NivelIncidencia" filename="es/iam/check/analisisDespliegues/business/chequeos/incidencias/IncidenciaChequeo.java" line-rate="1.0" branch-rate="1.0" complexity="1.0">
					<methods>
						<method name="&lt;clinit&gt;" signature="()V" line-rate="1.0" branch-rate="1.0" complexity="0">
							<lines>
								<line number="14" hits="39" branch="false"/>
								<line number="15" hits="13" branch="false"/>
								<line number="16" hits="13" branch="false"/>
							</lines>
						</method>
						<method name="&lt;init&gt;" signature="(Ljava/lang/String;I)V" line-rate="1.0" branch-rate="1.0" complexity="0">
							<lines>
							</lines>
						</method>
						<method name="valueOf" signature="(Ljava/lang/String;)Les/iam/check/analisisDespliegues/business/chequeos/incidencias/IncidenciaChequeo$NivelIncidencia;" line-rate="1.0" branch-rate="1.0" complexity="0">
							<lines>
							</lines>
						</method>
						<method name="values" signature="()[Les/iam/check/analisisDespliegues/business/chequeos/incidencias/IncidenciaChequeo$NivelIncidencia;" line-rate="1.0" branch-rate="1.0" complexity="0">
							<lines>
							</lines>
						</method>
					</methods>
					<lines>
						<line number="14" hits="39" branch="false"/>
						<line number="15" hits="13" branch="false"/>
						<line number="16" hits="13" branch="false"/>
					</lines>
				</class>
			</classes>
		</package>
		<package name="es.iam.check.analisisDespliegues.business.chequeos.model" line-rate="0.5217391304347826" branch-rate="0.2222222222222222" complexity="1.2542372881355932">
			<classes>
				<class name="es.iam.check.analisisDespliegues.business.chequeos.model.Listachequeos" filename="es/iam/check/analisisDespliegues/business/chequeos/model/Listachequeos.java" line-rate="0.75" branch-rate="0.5" complexity="2.0">
					<methods>
						<method name="&lt;init&gt;" signature="()V" line-rate="1.0" branch-rate="1.0" complexity="0">
							<lines>
								<line number="41" hits="8190" branch="false"/>
							</lines>
						</method>
						<method name="getChequeos" signature="()Ljava/util/List;" line-rate="0.6666666666666666" branch-rate="0.5" complexity="0">
							<lines>
								<line number="68" hits="8190" branch="true" condition-coverage="50% (1/2)">
									<conditions>
										<condition number="0" type="jump" coverage="50%"/>
									</conditions>
								</line>
								<line number="69" hits="0" branch="false"/>
								<line number="71" hits="8190" branch="false"/>
							</lines>
						</method>
					</methods>
					<lines>
						<line number="41" hits="8190" branch="false"/>
						<line number="68" hits="8190" branch="true" condition-coverage="50% (1/2)">
							<conditions>
								<condition number="0" type="jump" coverage="50%"/>
							</conditions>
						</line>
						<line number="69" hits="0" branch="false"/>
						<line number="71" hits="8190" branch="false"/>
					</lines>
				</class>
				<class name="es.iam.check.analisisDespliegues.business.chequeos.model.ObjectFactory" filename="es/iam/check/analisisDespliegues/business/chequeos/model/ObjectFactory.java" line-rate="0.0" branch-rate="1.0" complexity="1.0">
					<methods>
						<method name="&lt;clinit&gt;" signature="()V" line-rate="0.0" branch-rate="1.0" complexity="0">
							<lines>
								<line number="34" hits="0" branch="false"/>
							</lines>
						</method>
						<method name="&lt;init&gt;" signature="()V" line-rate="0.0" branch-rate="1.0" complexity="0">
							<lines>
								<line number="40" hits="0" branch="false"/>
								<line number="41" hits="0" branch="false"/>
							</lines>
						</method>
						<method name="createAnalisis" signature="(Les/iam/check/analisisDespliegues/business/chequeos/model/TipoAnalisis;)Ljavax/xml/bind/JAXBElement;" line-rate="0.0" branch-rate="1.0" complexity="0">
							<lines>
								<line number="105" hits="0" branch="false"/>
							</lines>
						</method>
						<method name="createListachequeos" signature="()Les/iam/check/analisisDespliegues/business/chequeos/model/Listachequeos;" line-rate="0.0" branch-rate="1.0" complexity="0">
							<lines>
								<line number="96" hits="0" branch="false"/>
							</lines>
						</method>
						<method name="createTipoAnalisis" signature="()Les/iam/check/analisisDespliegues/business/chequeos/model/TipoAnalisis;" line-rate="0.0" branch-rate="1.0" complexity="0">
							<lines>
[...]
									</conditions>
								</line>
								<line number="55" hits="0" branch="false"/>
								<line number="57" hits="0" branch="false"/>
								<line number="59" hits="0" branch="false"/>
							</lines>
						</method>
						<method name="mostrarMensaje" signature="(Ljava/io/PrintStream;Ljava/lang/String;)V" line-rate="0.0" branch-rate="1.0" complexity="0">
							<lines>
								<line number="95" hits="0" branch="false"/>
								<line number="97" hits="0" branch="false"/>
								<line number="99" hits="0" branch="false"/>
								<line number="100" hits="0" branch="false"/>
								<line number="101" hits="0" branch="false"/>
								<line number="102" hits="0" branch="false"/>
							</lines>
						</method>
						<method name="mostrarUso" signature="(Ljava/io/Console;)V" line-rate="0.0" branch-rate="0.0" complexity="0">
							<lines>
								<line number="66" hits="0" branch="true" condition-coverage="0% (0/2)">
									<conditions>
										<condition number="0" type="jump" coverage="0%"/>
									</conditions>
								</line>
								<line number="67" hits="0" branch="false"/>
								<line number="68" hits="0" branch="false"/>
								<line number="69" hits="0" branch="false"/>
							</lines>
						</method>
						<method name="mostrarUso" signature="(Ljava/io/PrintStream;)V" line-rate="0.0" branch-rate="0.0" complexity="0">
							<lines>
								<line number="76" hits="0" branch="false"/>
								<line number="78" hits="0" branch="true" condition-coverage="0% (0/2)">
									<conditions>
										<condition number="0" type="jump" coverage="0%"/>
									</conditions>
								</line>
								<line number="79" hits="0" branch="false"/>
								<line number="80" hits="0" branch="false"/>
								<line number="81" hits="0" branch="false"/>
								<line number="82" hits="0" branch="false"/>
								<line number="84" hits="0" branch="false"/>
								<line number="85" hits="0" branch="false"/>
								<line number="86" hits="0" branch="false"/>
								<line number="87" hits="0" branch="false"/>
							</lines>
						</method>
					</methods>
					<lines>
						<line number="15" hits="0" branch="false"/>
						<line number="20" hits="0" branch="false"/>
						<line number="23" hits="0" branch="false"/>
						<line number="24" hits="0" branch="false"/>
						<line number="25" hits="0" branch="false"/>
						<line number="26" hits="0" branch="false"/>
						<line number="28" hits="0" branch="false"/>
						<line number="29" hits="0" branch="false"/>
						<line number="30" hits="0" branch="false"/>
						<line number="31" hits="0" branch="false"/>
						<line number="33" hits="0" branch="false"/>
						<line number="34" hits="0" branch="false"/>
						<line number="40" hits="0" branch="false"/>
						<line number="41" hits="0" branch="true" condition-coverage="0% (0/2)">
							<conditions>
								<condition number="0" type="jump" coverage="0%"/>
							</conditions>
						</line>
						<line number="42" hits="0" branch="false"/>
						<line number="44" hits="0" branch="false"/>
						<line number="46" hits="0" branch="false"/>
						<line number="53" hits="0" branch="false"/>
						<line number="54" hits="0" branch="true" condition-coverage="0% (0/4)">
							<conditions>
								<condition number="0" type="jump" coverage="0%"/>
								<condition number="1" type="jump" coverage="0%"/>
							</conditions>
						</line>
						<line number="55" hits="0" branch="false"/>
						<line number="57" hits="0" branch="false"/>
						<line number="59" hits="0" branch="false"/>
						<line number="66" hits="0" branch="true" condition-coverage="0% (0/2)">
							<conditions>
								<condition number="0" type="jump" coverage="0%"/>
							</conditions>
						</line>
						<line number="67" hits="0" branch="false"/>
						<line number="68" hits="0" branch="false"/>
						<line number="69" hits="0" branch="false"/>
						<line number="76" hits="0" branch="false"/>
						<line number="78" hits="0" branch="true" condition-coverage="0% (0/2)">
							<conditions>
								<condition number="0" type="jump" coverage="0%"/>
							</conditions>
						</line>
						<line number="79" hits="0" branch="false"/>
						<line number="80" hits="0" branch="false"/>
						<line number="81" hits="0" branch="false"/>
						<line number="82" hits="0" branch="false"/>
						<line number="84" hits="0" branch="false"/>
						<line number="85" hits="0" branch="false"/>
						<line number="86" hits="0" branch="false"/>
						<line number="87" hits="0" branch="false"/>
						<line number="95" hits="0" branch="false"/>
						<line number="97" hits="0" branch="false"/>
						<line number="99" hits="0" branch="false"/>
						<line number="100" hits="0" branch="false"/>
						<line number="101" hits="0" branch="false"/>
						<line number="102" hits="0" branch="false"/>
					</lines>
				</class>
			</classes>
		</package>
		<package name="es.iam.check.analisisDespliegues.business.view.informes" line-rate="0.9436619718309859" branch-rate="1.0" complexity="1.6875">
			<classes>
				<class name="es.iam.check.analisisDespliegues.business.view.informes.AbstractHtmlInforme" filename="es/iam/check/analisisDespliegues/business/view/informes/AbstractHtmlInforme.java" line-rate="0.9354838709677419" branch-rate="1.0" complexity="2.0">
					<methods>
						<method name="&lt;init&gt;" signature="()V" line-rate="1.0" branch-rate="1.0" complexity="0">
							<lines>
								<line number="19" hits="2730" branch="false"/>
							</lines>
						</method>
						<method name="componer" signature="(Ljava/util/Collection;Les/iam/check/analisisDespliegues/business/configuracion/Configuracion;)V" line-rate="0.9047619047619048" branch-rate="1.0" complexity="0">
							<lines>
								<line number="38" hits="2730" branch="false"/>
								<line number="39" hits="2730" branch="false"/>
								<line number="40" hits="2730" branch="false"/>
								<line number="41" hits="2730" branch="false"/>
								<line number="43" hits="2730" branch="false"/>
								<line number="44" hits="5460" branch="false"/>
								<line number="45" hits="2730" branch="false"/>
								<line number="47" hits="2730" branch="false"/>
								<line number="48" hits="2730" branch="true" condition-coverage="100% (2/2)">
									<conditions>
										<condition number="0" type="jump" coverage="100%"/>
									</conditions>
								</line>
								<line number="49" hits="37609" branch="true" condition-coverage="100% (4/4)">
									<conditions>
										<condition number="0" type="jump" coverage="100%"/>
										<condition number="1" type="jump" coverage="100%"/>
									</conditions>
								</line>
								<line number="50" hits="6019" branch="false"/>
								<line number="51" hits="6019" branch="true" condition-coverage="100% (2/2)">
									<conditions>
										<condition number="0" type="jump" coverage="100%"/>
									</conditions>
								</line>
								<line number="52" hits="2353" branch="false"/>
								<line number="54" hits="37609" branch="false"/>
								<line number="55" hits="2730" branch="false"/>
								<line number="57" hits="2730" branch="false"/>
								<line number="58" hits="2730" branch="false"/>
								<line number="59" hits="0" branch="false"/>
								<line number="60" hits="0" branch="false"/>
								<line number="61" hits="2730" branch="false"/>
								<line number="63" hits="2730" branch="false"/>
							</lines>
						</method>
						<method name="escribeDatosChequeo" signature="(Ljava/io/BufferedWriter;Les/iam/check/analisisDespliegues/business/chequeos/IChequeo;)Z" line-rate="1.0" branch-rate="1.0" complexity="0">
							<lines>
								<line number="107" hits="6019" branch="false"/>
								<line number="108" hits="6019" branch="false"/>
								<line number="110" hits="6019" branch="true" condition-coverage="100% (2/2)">
									<conditions>
										<condition number="0" type="jump" coverage="100%"/>
									</conditions>
								</line>
								<line number="112" hits="2353" branch="false"/>
								<line number="113" hits="2353" branch="false"/>
								<line number="114" hits="2353" branch="true" condition-coverage="100% (2/2)">
									<conditions>
										<condition number="0" type="jump" coverage="100%"/>
									</conditions>
								</line>
								<line number="115" hits="2457" branch="false"/>
								<line number="116" hits="2457" branch="false"/>
								<line number="117" hits="2457" branch="false"/>
								<line number="118" hits="2457" branch="false"/>
								<line number="119" hits="2457" branch="true" condition-coverage="100% (2/2)">
									<conditions>
										<condition number="0" type="jump" coverage="100%"/>
									</conditions>
								</line>
								<line number="120" hits="2353" branch="false"/>
								<line number="122" hits="2457" branch="false"/>
								<line number="123" hits="2457" branch="false"/>
								<line number="124" hits="2457" branch="false"/>
								<line number="125" hits="2353" branch="false"/>
								<line number="126" hits="3666" branch="false"/>
								<line number="127" hits="3666" branch="false"/>
								<line number="130" hits="6019" branch="false"/>
								<line number="131" hits="6019" branch="false"/>
							</lines>
						</method>
						<method name="getCabeceraBegin" signature="(Ljava/lang/String;Ljava/lang/String;)Ljava/lang/String;" line-rate="1.0" branch-rate="1.0" complexity="0">
							<lines>
								<line number="141" hits="2730" branch="false"/>
							</lines>
						</method>
						<method name="getCabeceraEnd" signature="()Ljava/lang/String;" line-rate="1.0" branch-rate="1.0" complexity="0">
							<lines>
								<line number="161" hits="2730" branch="false"/>
							</lines>
						</method>
						<method name="getFilaNombre" signature="(Ljava/lang/String;Ljava/lang/String;)Ljava/lang/String;" line-rate="1.0" branch-rate="1.0" complexity="0">
							<lines>
								<line number="177" hits="6019" branch="false"/>
								<line number="178" hits="6019" branch="false"/>
								<line number="180" hits="6019" branch="true" condition-coverage="100% (2/2)">
									<conditions>
										<condition number="0" type="jump" coverage="100%"/>
									</conditions>
								</line>
								<line number="182" hits="2353" branch="false"/>
								<line number="184" hits="6019" branch="false"/>
							</lines>
						</method>
						<method name="getFiltro" signature="()Les/iam/check/analisisDespliegues/business/chequeos/model/TipoNombreChequeos;" line-rate="0.0" branch-rate="1.0" complexity="0">
							<lines>
								<line number="70" hits="0" branch="false"/>
							</lines>
						</method>
						<method name="getListaViolaciones" signature="(Ljava/lang/String;Ljava/lang/String;Ljava/lang/String;)Ljava/lang/String;" line-rate="1.0" branch-rate="1.0" complexity="0">
							<lines>
								<line number="199" hits="8476" branch="false"/>
								<line number="200" hits="8476" branch="true" condition-coverage="100% (2/2)">
									<conditions>
										<condition number="0" type="jump" coverage="100%"/>
									</conditions>
								</line>
								<line number="201" hits="26" branch="false"/>
								<line number="202" hits="8450" branch="true" condition-coverage="100% (2/2)">
									<conditions>
										<condition number="0" type="jump" coverage="100%"/>
									</conditions>
								</line>
								<line number="203" hits="2431" branch="false"/>
								<line number="205" hits="8476" branch="false"/>
							</lines>
						</method>
						<method name="getNombre" signature="()Ljava/lang/String;" line-rate="0.0" branch-rate="1.0" complexity="0">
							<lines>
								<line number="86" hits="0" branch="false"/>
							</lines>
						</method>
						<method name="getTotalIncumplimientos" signature="(Ljava/lang/String;)Ljava/lang/String;" line-rate="1.0" branch-rate="1.0" complexity="0">
							<lines>
								<line number="219" hits="2730" branch="false"/>
							</lines>
						</method>
						<method name="setFiltro" signature="(Les/iam/check/analisisDespliegues/business/chequeos/model/TipoNombreChequeos;)V" line-rate="1.0" branch-rate="1.0" complexity="0">
							<lines>
								<line number="78" hits="2730" branch="false"/>
								<line number="79" hits="2730" branch="false"/>
							</lines>
						</method>
						<method name="setNombre" signature="(Ljava/lang/String;)V" line-rate="1.0" branch-rate="1.0" complexity="0">
							<lines>
								<line number="94" hits="2730" branch="false"/>
								<line number="95" hits="2730" branch="false"/>
							</lines>
						</method>
					</methods>
					<lines>
						<line number="19" hits="2730" branch="false"/>
						<line number="38" hits="2730" branch="false"/>
						<line number="39" hits="2730" branch="false"/>
						<line number="40" hits="2730" branch="false"/>
						<line number="41" hits="2730" branch="false"/>
						<line number="43" hits="2730" branch="false"/>
						<line number="44" hits="5460" branch="false"/>
						<line number="45" hits="2730" branch="false"/>
						<line number="47" hits="2730" branch="false"/>
						<line number="48" hits="2730" branch="true" condition-coverage="100% (2/2)">
							<conditions>
								<condition number="0" type="jump" coverage="100%"/>
							</conditions>
						</line>
						<line number="49" hits="37609" branch="true" condition-coverage="100% (4/4)">
							<conditions>
								<condition number="0" type="jump" coverage="100%"/>
								<condition number="1" type="jump" coverage="100%"/>
							</conditions>
						</line>
						<line number="50" hits="6019" branch="false"/>
						<line number="51" hits="6019" branch="true" condition-coverage="100% (2/2)">
							<conditions>
								<condition number="0" type="jump" coverage="100%"/>
							</conditions>
						</line>
						<line number="52" hits="2353" branch="false"/>
						<line number="54" hits="37609" branch="false"/>
						<line number="55" hits="2730" branch="false"/>
						<line number="57" hits="2730" branch="false"/>
						<line number="58" hits="2730" branch="false"/>
						<line number="59" hits="0" branch="false"/>
						<line number="60" hits="0" branch="false"/>
						<line number="61" hits="2730" branch="false"/>
						<line number="63" hits="2730" branch="false"/>
						<line number="70" hits="0" branch="false"/>
						<line number="78" hits="2730" branch="false"/>
						<line number="79" hits="2730" branch="false"/>
						<line number="86" hits="0" branch="false"/>
						<line number="94" hits="2730" branch="false"/>
						<line number="95" hits="2730" branch="false"/>
						<line number="107" hits="6019" branch="false"/>
						<line number="108" hits="6019" branch="false"/>
						<line number="110" hits="6019" branch="true" condition-coverage="100% (2/2)">
							<conditions>
								<condition number="0" type="jump" coverage="100%"/>
							</conditions>
						</line>
						<line number="112" hits="2353" branch="false"/>
						<line number="113" hits="2353" branch="false"/>
						<line number="114" hits="2353" branch="true" condition-coverage="100% (2/2)">
							<conditions>
								<condition number="0" type="jump" coverage="100%"/>
							</conditions>
						</line>
						<line number="115" hits="2457" branch="false"/>
						<line number="116" hits="2457" branch="false"/>
						<line number="117" hits="2457" branch="false"/>
						<line number="118" hits="2457" branch="false"/>
						<line number="119" hits="2457" branch="true" condition-coverage="100% (2/2)">
							<conditions>
								<condition number="0" type="jump" coverage="100%"/>
							</conditions>
						</line>
						<line number="120" hits="2353" branch="false"/>
						<line number="122" hits="2457" branch="false"/>
						<line number="123" hits="2457" branch="false"/>
						<line number="124" hits="2457" branch="false"/>
						<line number="125" hits="2353" branch="false"/>
						<line number="126" hits="3666" branch="false"/>
						<line number="127" hits="3666" branch="false"/>
						<line number="130" hits="6019" branch="false"/>
						<line number="131" hits="6019" branch="false"/>
						<line number="141" hits="2730" branch="false"/>
						<line number="161" hits="2730" branch="false"/>
						<line number="177" hits="6019" branch="false"/>
						<line number="178" hits="6019" branch="false"/>
						<line number="180" hits="6019" branch="true" condition-coverage="100% (2/2)">
							<conditions>
								<condition number="0" type="jump" coverage="100%"/>
							</conditions>
						</line>
						<line number="182" hits="2353" branch="false"/>
						<line number="184" hits="6019" branch="false"/>
						<line number="199" hits="8476" branch="false"/>
						<line number="200" hits="8476" branch="true" condition-coverage="100% (2/2)">
							<conditions>
								<condition number="0" type="jump" coverage="100%"/>
							</conditions>
						</line>
						<line number="201" hits="26" branch="false"/>
						<line number="202" hits="8450" branch="true" condition-coverage="100% (2/2)">
							<conditions>
								<condition number="0" type="jump" coverage="100%"/>
							</conditions>
						</line>
						<line number="203" hits="2431" branch="false"/>
						<line number="205" hits="8476" branch="false"/>
						<line number="219" hits="2730" branch="false"/>
					</lines>
				</class>
				<class name="es.iam.check.analisisDespliegues.business.view.informes.Informe" filename="es/iam/check/analisisDespliegues/business/view/informes/Informe.java" line-rate="1.0" branch-rate="1.0" complexity="1.0">
					<methods>
					</methods>
					<lines>
					</lines>
				</class>
				<class name="es.iam.check.analisisDespliegues.business.view.informes.InformeArtefacto" filename="es/iam/check/analisisDespliegues/business/view/informes/InformeArtefacto.java" line-rate="1.0" branch-rate="1.0" complexity="1.0">
					<methods>
						<method name="&lt;init&gt;" signature="()V" line-rate="1.0" branch-rate="1.0" complexity="0">
							<lines>
								<line number="19" hits="1950" branch="false"/>
								<line number="20" hits="1950" branch="false"/>
								<line number="21" hits="1950" branch="false"/>
							</lines>
						</method>
					</methods>
					<lines>
						<line number="19" hits="1950" branch="false"/>
						<line number="20" hits="1950" branch="false"/>
						<line number="21" hits="1950" branch="false"/>
					</lines>
				</class>
				<class name="es.iam.check.analisisDespliegues.business.view.informes.InformeEstaticos" filename="es/iam/check/analisisDespliegues/business/view/informes/InformeEstaticos.java" line-rate="1.0" branch-rate="1.0" complexity="1.0">
					<methods>
						<method name="&lt;init&gt;" signature="()V" line-rate="1.0" branch-rate="1.0" complexity="0">
							<lines>
								<line number="20" hits="429" branch="false"/>
								<line number="21" hits="429" branch="false"/>
								<line number="22" hits="429" branch="false"/>
							</lines>
						</method>
					</methods>
					<lines>
						<line number="20" hits="429" branch="false"/>
						<line number="21" hits="429" branch="false"/>
						<line number="22" hits="429" branch="false"/>
					</lines>
				</class>
				<class name="es.iam.check.analisisDespliegues.business.view.informes.InformeRecursos" filename="es/iam/check/analisisDespliegues/business/view/informes/InformeRecursos.java" line-rate="1.0" branch-rate="1.0" complexity="1.0">
					<methods>
						<method name="&lt;init&gt;" signature="()V" line-rate="1.0" branch-rate="1.0" complexity="0">
							<lines>
								<line number="20" hits="351" branch="false"/>
								<line number="21" hits="351" branch="false"/>
								<line number="22" hits="351" branch="false"/>
							</lines>
						</method>
					</methods>
					<lines>
						<line number="20" hits="351" branch="false"/>
						<line number="21" hits="351" branch="false"/>
						<line number="22" hits="351" branch="false"/>
					</lines>
				</class>
			</classes>
		</package>
	</packages>
</coverage>
