<?xml version="1.0" encoding="UTF-8" ?>
<testsuite tests="18" failures="0" name="es.iam.check.analisisDespliegues.integracionChequeos.artefacto.ChequeoEstructuraIntegrationTest" time="1.303" errors="0" skipped="0">
  <properties>
[...]
</properties>
  <testcase classname="es.iam.check.analisisDespliegues.integracionChequeos.artefacto.ChequeoEstructuraIntegrationTest" name="detectarErrorExistenciaIncorrectaMETAINFenEAR_JBOSS" time="0.088"/>
  <testcase classname="es.iam.check.analisisDespliegues.integracionChequeos.artefacto.ChequeoEstructuraIntegrationTest" name="detectarErrorExistenciaIncorrectaMETAINFenEAR_WAS61" time="0.059"/>
  <testcase classname="es.iam.check.analisisDespliegues.integracionChequeos.artefacto.ChequeoEstructuraIntegrationTest" name="detectarErrorExistenciaIncorrectaMETAINFenEAR_WAS85" time="0.114"/>
  <testcase classname="es.iam.check.analisisDespliegues.integracionChequeos.artefacto.ChequeoEstructuraIntegrationTest" name="detectarErrorNoExistenciaWEBINFLib_WAS85" time="0.084"/>
  <testcase classname="es.iam.check.analisisDespliegues.integracionChequeos.artefacto.ChequeoEstructuraIntegrationTest" name="detectarErrorNoExistenciaMETAINFenEAR_WAS61" time="0.05"/>
  <testcase classname="es.iam.check.analisisDespliegues.integracionChequeos.artefacto.ChequeoEstructuraIntegrationTest" name="detectarErrorExistenciaMETAINFIbmconfig_JBOSS" time="0.05"/>
  <testcase classname="es.iam.check.analisisDespliegues.integracionChequeos.artefacto.ChequeoEstructuraIntegrationTest" name="detectarErrorNoExistenciaWEBINFLib_JBOSS" time="0.057"/>
  <testcase classname="es.iam.check.analisisDespliegues.integracionChequeos.artefacto.ChequeoEstructuraIntegrationTest" name="detectarErrorNoExistenciaMETAINFenEAR_WAS85" time="0.096"/>
  <testcase classname="es.iam.check.analisisDespliegues.integracionChequeos.artefacto.ChequeoEstructuraIntegrationTest" name="detectarErrorExistenciaMETAINFIbmconfig_WAS85" time="0.063"/>
  <testcase classname="es.iam.check.analisisDespliegues.integracionChequeos.artefacto.ChequeoEstructuraIntegrationTest" name="detectarErrorNoExistenciaWEBINFClasses_WAS61" time="0.052"/>
  <testcase classname="es.iam.check.analisisDespliegues.integracionChequeos.artefacto.ChequeoEstructuraIntegrationTest" name="detectarErrorNoExistenciaWEBINFClasses_WAS85" time="0.052"/>
  <testcase classname="es.iam.check.analisisDespliegues.integracionChequeos.artefacto.ChequeoEstructuraIntegrationTest" name="detectarErrorExistenciaMETAINFIbmconfig_WAS61" time="0.089"/>
  <testcase classname="es.iam.check.analisisDespliegues.integracionChequeos.artefacto.ChequeoEstructuraIntegrationTest" name="detectarErrorNoExistenciaWEBINFClasses_JBOSS" time="0.074"/>
  <testcase classname="es.iam.check.analisisDespliegues.integracionChequeos.artefacto.ChequeoEstructuraIntegrationTest" name="detectarErrorNoExistenciaWEBINFLib_WAS61" time="0.077"/>
  <testcase classname="es.iam.check.analisisDespliegues.integracionChequeos.artefacto.ChequeoEstructuraIntegrationTest" name="detectarErrorNoExistenciaMETAINFenEAR_JBOSS" time="0.075"/>
  <testcase classname="es.iam.check.analisisDespliegues.integracionChequeos.artefacto.ChequeoEstructuraIntegrationTest" name="estructuraOK_JBOSS" time="0.077"/>
  <testcase classname="es.iam.check.analisisDespliegues.integracionChequeos.artefacto.ChequeoEstructuraIntegrationTest" name="estructuraOK_WAS85" time="0.084"/>
  <testcase classname="es.iam.check.analisisDespliegues.integracionChequeos.artefacto.ChequeoEstructuraIntegrationTest" name="estructuraOK_WAS61" time="0.062"/>
</testsuite>