<?xml version="1.0" encoding="UTF-8" ?>
<testsuite tests="73" failures="0" name="es.iam.check.analisisDespliegues.integracionChequeos.artefacto.ChequeoArchivosNoPermitidosEARIntegrationTest" time="9.511" errors="0" skipped="0">
  <properties>
[...]
</properties>
  <testcase classname="es.iam.check.analisisDespliegues.integracionChequeos.artefacto.ChequeoArchivosNoPermitidosEARIntegrationTest" name="detectarErrorExistenciaArchivoBAK_JBOSS" time="1.926"/>
  <testcase classname="es.iam.check.analisisDespliegues.integracionChequeos.artefacto.ChequeoArchivosNoPermitidosEARIntegrationTest" name="detectarErrorExistenciaArchivoDOC_JBOSS" time="0.338"/>
  <testcase classname="es.iam.check.analisisDespliegues.integracionChequeos.artefacto.ChequeoArchivosNoPermitidosEARIntegrationTest" name="detectarErrorExistenciaArchivoPDF_JBOSS" time="0.159"/>
  <testcase classname="es.iam.check.analisisDespliegues.integracionChequeos.artefacto.ChequeoArchivosNoPermitidosEARIntegrationTest" name="detectarErrorExistenciaArchivoJPEG_JBOSS" time="0.171"/>
  <testcase classname="es.iam.check.analisisDespliegues.integracionChequeos.artefacto.ChequeoArchivosNoPermitidosEARIntegrationTest" name="detectarErrorExistenciaArchivoHTM_WAS85" time="0.194"/>
  <testcase classname="es.iam.check.analisisDespliegues.integracionChequeos.artefacto.ChequeoArchivosNoPermitidosEARIntegrationTest" name="detectarErrorExistenciaArchivoJS_WAS85" time="0.162"/>
  <testcase classname="es.iam.check.analisisDespliegues.integracionChequeos.artefacto.ChequeoArchivosNoPermitidosEARIntegrationTest" name="detectarErrorExistenciaArchivoJPG_WAS85" time="0.13"/>
  <testcase classname="es.iam.check.analisisDespliegues.integracionChequeos.artefacto.ChequeoArchivosNoPermitidosEARIntegrationTest" name="detectarErrorExistenciaArchivoHIBERNATE_WAS85" time="0.127"/>
  <testcase classname="es.iam.check.analisisDespliegues.integracionChequeos.artefacto.ChequeoArchivosNoPermitidosEARIntegrationTest" name="detectarErrorExistenciaArchivoIMG_WAS85" time="0.131"/>
  <testcase classname="es.iam.check.analisisDespliegues.integracionChequeos.artefacto.ChequeoArchivosNoPermitidosEARIntegrationTest" name="detectarErrorExistenciaArchivoHTM_JBOSS" time="0.09"/>
  <testcase classname="es.iam.check.analisisDespliegues.integracionChequeos.artefacto.ChequeoArchivosNoPermitidosEARIntegrationTest" name="detectarErrorExistenciaArchivoCSS_JBOSS" time="0.116"/>
  <testcase classname="es.iam.check.analisisDespliegues.integracionChequeos.artefacto.ChequeoArchivosNoPermitidosEARIntegrationTest" name="detectarErrorExistenciaArchivoHTML_WAS85" time="0.123"/>
  <testcase classname="es.iam.check.analisisDespliegues.integracionChequeos.artefacto.ChequeoArchivosNoPermitidosEARIntegrationTest" name="detectarErrorExistenciaArchivoPDF_WAS85" time="0.116"/>
  <testcase classname="es.iam.check.analisisDespliegues.integracionChequeos.artefacto.ChequeoArchivosNoPermitidosEARIntegrationTest" name="detectarErrorExistenciaArchivoCSS_WAS85" time="0.111"/>
  <testcase classname="es.iam.check.analisisDespliegues.integracionChequeos.artefacto.ChequeoArchivosNoPermitidosEARIntegrationTest" name="detectarErrorExistenciaArchivoDesarollo_WAS85" time="0.193"/>
  <testcase classname="es.iam.check.analisisDespliegues.integracionChequeos.artefacto.ChequeoArchivosNoPermitidosEARIntegrationTest" name="detectarErrorExistenciaArchivoPNG_JBOSS" time="0.112"/>
  <testcase classname="es.iam.check.analisisDespliegues.integracionChequeos.artefacto.ChequeoArchivosNoPermitidosEARIntegrationTest" name="detectarErrorExistenciaArchivoHTML_JBOSS" time="0.097"/>
  <testcase classname="es.iam.check.analisisDespliegues.integracionChequeos.artefacto.ChequeoArchivosNoPermitidosEARIntegrationTest" name="detectarErrorExistenciaArchivoPRE_WAS85" time="0.119"/>
  <testcase classname="es.iam.check.analisisDespliegues.integracionChequeos.artefacto.ChequeoArchivosNoPermitidosEARIntegrationTest" name="detectarErrorExistenciaDirectorioSVN_WAS85" time="0.116"/>
  <testcase classname="es.iam.check.analisisDespliegues.integracionChequeos.artefacto.ChequeoArchivosNoPermitidosEARIntegrationTest" name="detectarErrorExistenciaArchivoJPEG_WAS85" time="0.101"/>
  <testcase classname="es.iam.check.analisisDespliegues.integracionChequeos.artefacto.ChequeoArchivosNoPermitidosEARIntegrationTest" name="detectarErrorExistenciaArchivoBAK_WAS85" time="0.119"/>
  <testcase classname="es.iam.check.analisisDespliegues.integracionChequeos.artefacto.ChequeoArchivosNoPermitidosEARIntegrationTest" name="detectarErrorExistenciaArchivoOLD_WAS85" time="0.097"/>
  <testcase classname="es.iam.check.analisisDespliegues.integracionChequeos.artefacto.ChequeoArchivosNoPermitidosEARIntegrationTest" name="detectarErrorExistenciaArchivoDOC_WAS85" time="0.118"/>
  <testcase classname="es.iam.check.analisisDespliegues.integracionChequeos.artefacto.ChequeoArchivosNoPermitidosEARIntegrationTest" name="detectarErrorExistenciaArchivoPRO_WAS85" time="0.09"/>
  <testcase classname="es.iam.check.analisisDespliegues.integracionChequeos.artefacto.ChequeoArchivosNoPermitidosEARIntegrationTest" name="detectarErrorExistenciaArchivoThumbsdb_WAS85" time="0.097"/>
  <testcase classname="es.iam.check.analisisDespliegues.integracionChequeos.artefacto.ChequeoArchivosNoPermitidosEARIntegrationTest" name="detectarErrorExistenciaDirectorioCVS_WAS85" time="0.105"/>
  <testcase classname="es.iam.check.analisisDespliegues.integracionChequeos.artefacto.ChequeoArchivosNoPermitidosEARIntegrationTest" name="detectarErrorExistenciaArchivoIndexDo_WAS85" time="0.085"/>
  <testcase classname="es.iam.check.analisisDespliegues.integracionChequeos.artefacto.ChequeoArchivosNoPermitidosEARIntegrationTest" name="detectarErrorExistenciaArchivoGIF_WAS85" time="0.113"/>
  <testcase classname="es.iam.check.analisisDespliegues.integracionChequeos.artefacto.ChequeoArchivosNoPermitidosEARIntegrationTest" name="detectarErrorExistenciaArchivoGIF_JBOSS" time="0.112"/>
  <testcase classname="es.iam.check.analisisDespliegues.integracionChequeos.artefacto.ChequeoArchivosNoPermitidosEARIntegrationTest" name="detectarErrorExistenciaArchivoPNG_WAS85" time="0.117"/>
  <testcase classname="es.iam.check.analisisDespliegues.integracionChequeos.artefacto.ChequeoArchivosNoPermitidosEARIntegrationTest" name="detectarErrorExistenciaArchivoJPG_JBOSS" time="0.173"/>
  <testcase classname="es.iam.check.analisisDespliegues.integracionChequeos.artefacto.ChequeoArchivosNoPermitidosEARIntegrationTest" name="detectarErrorExistenciaArchivoV1_WAS85" time="0.132"/>
  <testcase classname="es.iam.check.analisisDespliegues.integracionChequeos.artefacto.ChequeoArchivosNoPermitidosEARIntegrationTest" name="detectarErrorExistenciaArchivoIMG_JBOSS" time="0.064"/>
  <testcase classname="es.iam.check.analisisDespliegues.integracionChequeos.artefacto.ChequeoArchivosNoPermitidosEARIntegrationTest" name="detectarErrorExistenciaArchivoJS_JBOSS" time="0.084"/>
  <testcase classname="es.iam.check.analisisDespliegues.integracionChequeos.artefacto.ChequeoArchivosNoPermitidosEARIntegrationTest" name="detectarErrorExistenciaArchivoDESA_WAS85" time="0.088"/>
  <testcase classname="es.iam.check.analisisDespliegues.integracionChequeos.artefacto.ChequeoArchivosNoPermitidosEARIntegrationTest" name="detectarErrorExistenciaArchivoV1_JBOSS" time="0.071"/>
  <testcase classname="es.iam.check.analisisDespliegues.integracionChequeos.artefacto.ChequeoArchivosNoPermitidosEARIntegrationTest" name="detectarErrorExistenciaArchivoPRE_JBOSS" time="0.059"/>
  <testcase classname="es.iam.check.analisisDespliegues.integracionChequeos.artefacto.ChequeoArchivosNoPermitidosEARIntegrationTest" name="detectarErrorExistenciaArchivoHTML_WAS61" time="0.066"/>
  <testcase classname="es.iam.check.analisisDespliegues.integracionChequeos.artefacto.ChequeoArchivosNoPermitidosEARIntegrationTest" name="detectarErrorExistenciaDirectorioSVN_WAS61" time="0.057"/>
  <testcase classname="es.iam.check.analisisDespliegues.integracionChequeos.artefacto.ChequeoArchivosNoPermitidosEARIntegrationTest" name="detectarErrorExistenciaArchivoBACK_JBOSS" time="0.057"/>
  <testcase classname="es.iam.check.analisisDespliegues.integracionChequeos.artefacto.ChequeoArchivosNoPermitidosEARIntegrationTest" name="detectarErrorExistenciaArchivoThumbsdb_JBOSS" time="0.063"/>
  <testcase classname="es.iam.check.analisisDespliegues.integracionChequeos.artefacto.ChequeoArchivosNoPermitidosEARIntegrationTest" name="detectarErrorExistenciaArchivoIMG_WAS61" time="0.069"/>
  <testcase classname="es.iam.check.analisisDespliegues.integracionChequeos.artefacto.ChequeoArchivosNoPermitidosEARIntegrationTest" name="detectarErrorExistenciaArchivoDOC_WAS61" time="0.105"/>
  <testcase classname="es.iam.check.analisisDespliegues.integracionChequeos.artefacto.ChequeoArchivosNoPermitidosEARIntegrationTest" name="detectarErrorExistenciaArchivoBACK_WAS61" time="0.081"/>
  <testcase classname="es.iam.check.analisisDespliegues.integracionChequeos.artefacto.ChequeoArchivosNoPermitidosEARIntegrationTest" name="detectarErrorExistenciaArchivoOLD_WAS61" time="0.088"/>
  <testcase classname="es.iam.check.analisisDespliegues.integracionChequeos.artefacto.ChequeoArchivosNoPermitidosEARIntegrationTest" name="detectarErrorExistenciaArchivoPRE_WAS61" time="0.235"/>
  <testcase classname="es.iam.check.analisisDespliegues.integracionChequeos.artefacto.ChequeoArchivosNoPermitidosEARIntegrationTest" name="detectarErrorExistenciaDirectorioSVN_JBOSS" time="0.211"/>
  <testcase classname="es.iam.check.analisisDespliegues.integracionChequeos.artefacto.ChequeoArchivosNoPermitidosEARIntegrationTest" name="detectarErrorExistenciaArchivoIndexDo_JBOSS" time="0.111"/>
  <testcase classname="es.iam.check.analisisDespliegues.integracionChequeos.artefacto.ChequeoArchivosNoPermitidosEARIntegrationTest" name="detectarErrorExistenciaArchivoDesarollo_JBOSS" time="0.093"/>
  <testcase classname="es.iam.check.analisisDespliegues.integracionChequeos.artefacto.ChequeoArchivosNoPermitidosEARIntegrationTest" name="detectarErrorExistenciaArchivoDesarollo_WAS61" time="0.064"/>
  <testcase classname="es.iam.check.analisisDespliegues.integracionChequeos.artefacto.ChequeoArchivosNoPermitidosEARIntegrationTest" name="detectarErrorExistenciaArchivoJPG_WAS61" time="0.083"/>
  <testcase classname="es.iam.check.analisisDespliegues.integracionChequeos.artefacto.ChequeoArchivosNoPermitidosEARIntegrationTest" name="detectarErrorExistenciaDirectorioCVS_JBOSS" time="0.063"/>
  <testcase classname="es.iam.check.analisisDespliegues.integracionChequeos.artefacto.ChequeoArchivosNoPermitidosEARIntegrationTest" name="detectarErrorExistenciaArchivoV1_WAS61" time="0.07"/>
  <testcase classname="es.iam.check.analisisDespliegues.integracionChequeos.artefacto.ChequeoArchivosNoPermitidosEARIntegrationTest" name="detectarErrorExistenciaArchivoDESA_JBOSS" time="0.098"/>
  <testcase classname="es.iam.check.analisisDespliegues.integracionChequeos.artefacto.ChequeoArchivosNoPermitidosEARIntegrationTest" name="detectarErrorExistenciaArchivoJPEG_WAS61" time="0.09"/>
  <testcase classname="es.iam.check.analisisDespliegues.integracionChequeos.artefacto.ChequeoArchivosNoPermitidosEARIntegrationTest" name="detectarErrorExistenciaArchivoJS_WAS61" time="0.075"/>
  <testcase classname="es.iam.check.analisisDespliegues.integracionChequeos.artefacto.ChequeoArchivosNoPermitidosEARIntegrationTest" name="detectarErrorExistenciaArchivoPDF_WAS61" time="0.078"/>
  <testcase classname="es.iam.check.analisisDespliegues.integracionChequeos.artefacto.ChequeoArchivosNoPermitidosEARIntegrationTest" name="detectarErrorExistenciaArchivoThumbsdb_WAS61" time="0.077"/>
  <testcase classname="es.iam.check.analisisDespliegues.integracionChequeos.artefacto.ChequeoArchivosNoPermitidosEARIntegrationTest" name="detectarErrorExistenciaArchivoIndexDo_WAS61" time="0.072"/>
  <testcase classname="es.iam.check.analisisDespliegues.integracionChequeos.artefacto.ChequeoArchivosNoPermitidosEARIntegrationTest" name="detectarErrorExistenciaArchivoDESA_WAS61" time="0.063"/>
  <testcase classname="es.iam.check.analisisDespliegues.integracionChequeos.artefacto.ChequeoArchivosNoPermitidosEARIntegrationTest" name="detectarErrorExistenciaArchivoPRO_JBOSS" time="0.092"/>
  <testcase classname="es.iam.check.analisisDespliegues.integracionChequeos.artefacto.ChequeoArchivosNoPermitidosEARIntegrationTest" name="detectarErrorExistenciaArchivoGIF_WAS61" time="0.076"/>
  <testcase classname="es.iam.check.analisisDespliegues.integracionChequeos.artefacto.ChequeoArchivosNoPermitidosEARIntegrationTest" name="detectarErrorExistenciaArchivoCSS_WAS61" time="0.081"/>
  <testcase classname="es.iam.check.analisisDespliegues.integracionChequeos.artefacto.ChequeoArchivosNoPermitidosEARIntegrationTest" name="detectarErrorExistenciaArchivoBAK_WAS61" time="0.106"/>
  <testcase classname="es.iam.check.analisisDespliegues.integracionChequeos.artefacto.ChequeoArchivosNoPermitidosEARIntegrationTest" name="detectarErrorExistenciaDirectorioCVS_WAS61" time="0.082"/>
  <testcase classname="es.iam.check.analisisDespliegues.integracionChequeos.artefacto.ChequeoArchivosNoPermitidosEARIntegrationTest" name="detectarErrorExistenciaArchivoPRO_WAS61" time="0.062"/>
  <testcase classname="es.iam.check.analisisDespliegues.integracionChequeos.artefacto.ChequeoArchivosNoPermitidosEARIntegrationTest" name="detectarErrorExistenciaArchivoOLD_JBOSS" time="0.071"/>
  <testcase classname="es.iam.check.analisisDespliegues.integracionChequeos.artefacto.ChequeoArchivosNoPermitidosEARIntegrationTest" name="detectarErrorExistenciaArchivoHTM_WAS61" time="0.088"/>
  <testcase classname="es.iam.check.analisisDespliegues.integracionChequeos.artefacto.ChequeoArchivosNoPermitidosEARIntegrationTest" name="detectarErrorExistenciaArchivoPNG_WAS61" time="0.115"/>
  <testcase classname="es.iam.check.analisisDespliegues.integracionChequeos.artefacto.ChequeoArchivosNoPermitidosEARIntegrationTest" name="detectarErrorExistenciaArchivoJbossProperties_WAS85" time="0.089"/>
  <testcase classname="es.iam.check.analisisDespliegues.integracionChequeos.artefacto.ChequeoArchivosNoPermitidosEARIntegrationTest" name="detectarCualquierErrorExistenciaArchivoProperties_WAS85" time="0.097"/>
  <testcase classname="es.iam.check.analisisDespliegues.integracionChequeos.artefacto.ChequeoArchivosNoPermitidosEARIntegrationTest" name="detectarErrorExistenciaArchivoJbossProperties_JBOSS" time="0.069"/>
  <testcase classname="es.iam.check.analisisDespliegues.integracionChequeos.artefacto.ChequeoArchivosNoPermitidosEARIntegrationTest" name="detectarErrorExistenciaArchivoJbossProperties_WAS61" time="0.058"/>
</testsuite>